2019-01-08 19:57:50,030 INFO org.apache.hadoop.hdfs.server.namenode.SecondaryNameNode: STARTUP_MSG: 
/************************************************************
STARTUP_MSG: Starting SecondaryNameNode
STARTUP_MSG:   host = master/132.72.109.20
STARTUP_MSG:   args = []
STARTUP_MSG:   version = 2.9.1
STARTUP_MSG:   classpath = /usr/local/hadoop/etc/hadoop:/usr/local/hadoop/share/hadoop/common/lib/jsp-api-2.1.jar:/usr/local/hadoop/share/hadoop/common/lib/commons-lang-2.6.jar:/usr/local/hadoop/share/hadoop/common/lib/json-smart-1.3.1.jar:/usr/local/hadoop/share/hadoop/common/lib/curator-framework-2.7.1.jar:/usr/local/hadoop/share/hadoop/common/lib/gson-2.2.4.jar:/usr/local/hadoop/share/hadoop/common/lib/commons-cli-1.2.jar:/usr/local/hadoop/share/hadoop/common/lib/commons-net-3.1.jar:/usr/local/hadoop/share/hadoop/common/lib/jetty-sslengine-6.1.26.jar:/usr/local/hadoop/share/hadoop/common/lib/jcip-annotations-1.0-1.jar:/usr/local/hadoop/share/hadoop/common/lib/activation-1.1.jar:/usr/local/hadoop/share/hadoop/common/lib/commons-configuration-1.6.jar:/usr/local/hadoop/share/hadoop/common/lib/commons-digester-1.8.jar:/usr/local/hadoop/share/hadoop/common/lib/xmlenc-0.52.jar:/usr/local/hadoop/share/hadoop/common/lib/commons-beanutils-1.7.0.jar:/usr/local/hadoop/share/hadoop/common/lib/stax-api-1.0-2.jar:/usr/local/hadoop/share/hadoop/common/lib/woodstox-core-5.0.3.jar:/usr/local/hadoop/share/hadoop/common/lib/slf4j-api-1.7.25.jar:/usr/local/hadoop/share/hadoop/common/lib/commons-collections-3.2.2.jar:/usr/local/hadoop/share/hadoop/common/lib/jsch-0.1.54.jar:/usr/local/hadoop/share/hadoop/common/lib/avro-1.7.7.jar:/usr/local/hadoop/share/hadoop/common/lib/netty-3.6.2.Final.jar:/usr/local/hadoop/share/hadoop/common/lib/hadoop-annotations-2.9.1.jar:/usr/local/hadoop/share/hadoop/common/lib/stax2-api-3.1.4.jar:/usr/local/hadoop/share/hadoop/common/lib/curator-recipes-2.7.1.jar:/usr/local/hadoop/share/hadoop/common/lib/jaxb-impl-2.2.3-1.jar:/usr/local/hadoop/share/hadoop/common/lib/commons-beanutils-core-1.8.0.jar:/usr/local/hadoop/share/hadoop/common/lib/jersey-core-1.9.jar:/usr/local/hadoop/share/hadoop/common/lib/httpcore-4.4.4.jar:/usr/local/hadoop/share/hadoop/common/lib/junit-4.11.jar:/usr/local/hadoop/share/hadoop/common/lib/api-util-1.0.0-M20.jar:/usr/local/hadoop/share/hadoop/common/lib/zookeeper-3.4.6.jar:/usr/local/hadoop/share/hadoop/common/lib/jackson-xc-1.9.13.jar:/usr/local/hadoop/share/hadoop/common/lib/jackson-core-asl-1.9.13.jar:/usr/local/hadoop/share/hadoop/common/lib/protobuf-java-2.5.0.jar:/usr/local/hadoop/share/hadoop/common/lib/commons-io-2.4.jar:/usr/local/hadoop/share/hadoop/common/lib/slf4j-log4j12-1.7.25.jar:/usr/local/hadoop/share/hadoop/common/lib/apacheds-kerberos-codec-2.0.0-M15.jar:/usr/local/hadoop/share/hadoop/common/lib/jettison-1.1.jar:/usr/local/hadoop/share/hadoop/common/lib/mockito-all-1.8.5.jar:/usr/local/hadoop/share/hadoop/common/lib/commons-codec-1.4.jar:/usr/local/hadoop/share/hadoop/common/lib/xz-1.0.jar:/usr/local/hadoop/share/hadoop/common/lib/api-asn1-api-1.0.0-M20.jar:/usr/local/hadoop/share/hadoop/common/lib/apacheds-i18n-2.0.0-M15.jar:/usr/local/hadoop/share/hadoop/common/lib/asm-3.2.jar:/usr/local/hadoop/share/hadoop/common/lib/nimbus-jose-jwt-4.41.1.jar:/usr/local/hadoop/share/hadoop/common/lib/jsr305-3.0.0.jar:/usr/local/hadoop/share/hadoop/common/lib/snappy-java-1.0.5.jar:/usr/local/hadoop/share/hadoop/common/lib/jaxb-api-2.2.2.jar:/usr/local/hadoop/share/hadoop/common/lib/curator-client-2.7.1.jar:/usr/local/hadoop/share/hadoop/common/lib/jetty-6.1.26.jar:/usr/local/hadoop/share/hadoop/common/lib/htrace-core4-4.1.0-incubating.jar:/usr/local/hadoop/share/hadoop/common/lib/jets3t-0.9.0.jar:/usr/local/hadoop/share/hadoop/common/lib/guava-11.0.2.jar:/usr/local/hadoop/share/hadoop/common/lib/commons-logging-1.1.3.jar:/usr/local/hadoop/share/hadoop/common/lib/paranamer-2.3.jar:/usr/local/hadoop/share/hadoop/common/lib/commons-math3-3.1.1.jar:/usr/local/hadoop/share/hadoop/common/lib/jersey-json-1.9.jar:/usr/local/hadoop/share/hadoop/common/lib/httpclient-4.5.2.jar:/usr/local/hadoop/share/hadoop/common/lib/jackson-mapper-asl-1.9.13.jar:/usr/local/hadoop/share/hadoop/common/lib/commons-lang3-3.4.jar:/usr/local/hadoop/share/hadoop/common/lib/hamcrest-core-1.3.jar:/usr/local/hadoop/share/hadoop/common/lib/jackson-jaxrs-1.9.13.jar:/usr/local/hadoop/share/hadoop/common/lib/log4j-1.2.17.jar:/usr/local/hadoop/share/hadoop/common/lib/jetty-util-6.1.26.jar:/usr/local/hadoop/share/hadoop/common/lib/java-xmlbuilder-0.4.jar:/usr/local/hadoop/share/hadoop/common/lib/commons-compress-1.4.1.jar:/usr/local/hadoop/share/hadoop/common/lib/servlet-api-2.5.jar:/usr/local/hadoop/share/hadoop/common/lib/hadoop-auth-2.9.1.jar:/usr/local/hadoop/share/hadoop/common/lib/jersey-server-1.9.jar:/usr/local/hadoop/share/hadoop/common/hadoop-common-2.9.1.jar:/usr/local/hadoop/share/hadoop/common/hadoop-common-2.9.1-tests.jar:/usr/local/hadoop/share/hadoop/common/hadoop-nfs-2.9.1.jar:/usr/local/hadoop/share/hadoop/hdfs:/usr/local/hadoop/share/hadoop/hdfs/lib/commons-lang-2.6.jar:/usr/local/hadoop/share/hadoop/hdfs/lib/commons-cli-1.2.jar:/usr/local/hadoop/share/hadoop/hdfs/lib/commons-daemon-1.0.13.jar:/usr/local/hadoop/share/hadoop/hdfs/lib/xercesImpl-2.9.1.jar:/usr/local/hadoop/share/hadoop/hdfs/lib/xmlenc-0.52.jar:/usr/local/hadoop/share/hadoop/hdfs/lib/okio-1.6.0.jar:/usr/local/hadoop/share/hadoop/hdfs/lib/netty-3.6.2.Final.jar:/usr/local/hadoop/share/hadoop/hdfs/lib/jackson-databind-2.7.8.jar:/usr/local/hadoop/share/hadoop/hdfs/lib/jackson-annotations-2.7.8.jar:/usr/local/hadoop/share/hadoop/hdfs/lib/jersey-core-1.9.jar:/usr/local/hadoop/share/hadoop/hdfs/lib/jackson-core-asl-1.9.13.jar:/usr/local/hadoop/share/hadoop/hdfs/lib/protobuf-java-2.5.0.jar:/usr/local/hadoop/share/hadoop/hdfs/lib/leveldbjni-all-1.8.jar:/usr/local/hadoop/share/hadoop/hdfs/lib/commons-io-2.4.jar:/usr/local/hadoop/share/hadoop/hdfs/lib/xml-apis-1.3.04.jar:/usr/local/hadoop/share/hadoop/hdfs/lib/commons-codec-1.4.jar:/usr/local/hadoop/share/hadoop/hdfs/lib/asm-3.2.jar:/usr/local/hadoop/share/hadoop/hdfs/lib/jsr305-3.0.0.jar:/usr/local/hadoop/share/hadoop/hdfs/lib/jetty-6.1.26.jar:/usr/local/hadoop/share/hadoop/hdfs/lib/htrace-core4-4.1.0-incubating.jar:/usr/local/hadoop/share/hadoop/hdfs/lib/jackson-core-2.7.8.jar:/usr/local/hadoop/share/hadoop/hdfs/lib/guava-11.0.2.jar:/usr/local/hadoop/share/hadoop/hdfs/lib/commons-logging-1.1.3.jar:/usr/local/hadoop/share/hadoop/hdfs/lib/hadoop-hdfs-client-2.9.1.jar:/usr/local/hadoop/share/hadoop/hdfs/lib/jackson-mapper-asl-1.9.13.jar:/usr/local/hadoop/share/hadoop/hdfs/lib/log4j-1.2.17.jar:/usr/local/hadoop/share/hadoop/hdfs/lib/okhttp-2.7.5.jar:/usr/local/hadoop/share/hadoop/hdfs/lib/jetty-util-6.1.26.jar:/usr/local/hadoop/share/hadoop/hdfs/lib/netty-all-4.0.23.Final.jar:/usr/local/hadoop/share/hadoop/hdfs/lib/servlet-api-2.5.jar:/usr/local/hadoop/share/hadoop/hdfs/lib/jersey-server-1.9.jar:/usr/local/hadoop/share/hadoop/hdfs/hadoop-hdfs-native-client-2.9.1.jar:/usr/local/hadoop/share/hadoop/hdfs/hadoop-hdfs-nfs-2.9.1.jar:/usr/local/hadoop/share/hadoop/hdfs/hadoop-hdfs-rbf-2.9.1.jar:/usr/local/hadoop/share/hadoop/hdfs/hadoop-hdfs-2.9.1-tests.jar:/usr/local/hadoop/share/hadoop/hdfs/hadoop-hdfs-native-client-2.9.1-tests.jar:/usr/local/hadoop/share/hadoop/hdfs/hadoop-hdfs-rbf-2.9.1-tests.jar:/usr/local/hadoop/share/hadoop/hdfs/hadoop-hdfs-client-2.9.1.jar:/usr/local/hadoop/share/hadoop/hdfs/hadoop-hdfs-2.9.1.jar:/usr/local/hadoop/share/hadoop/hdfs/hadoop-hdfs-client-2.9.1-tests.jar:/usr/local/hadoop/share/hadoop/yarn/lib/jsp-api-2.1.jar:/usr/local/hadoop/share/hadoop/yarn/lib/commons-lang-2.6.jar:/usr/local/hadoop/share/hadoop/yarn/lib/json-smart-1.3.1.jar:/usr/local/hadoop/share/hadoop/yarn/lib/curator-framework-2.7.1.jar:/usr/local/hadoop/share/hadoop/yarn/lib/gson-2.2.4.jar:/usr/local/hadoop/share/hadoop/yarn/lib/commons-cli-1.2.jar:/usr/local/hadoop/share/hadoop/yarn/lib/commons-net-3.1.jar:/usr/local/hadoop/share/hadoop/yarn/lib/jetty-sslengine-6.1.26.jar:/usr/local/hadoop/share/hadoop/yarn/lib/jcip-annotations-1.0-1.jar:/usr/local/hadoop/share/hadoop/yarn/lib/fst-2.50.jar:/usr/local/hadoop/share/hadoop/yarn/lib/activation-1.1.jar:/usr/local/hadoop/share/hadoop/yarn/lib/ehcache-3.3.1.jar:/usr/local/hadoop/share/hadoop/yarn/lib/commons-configuration-1.6.jar:/usr/local/hadoop/share/hadoop/yarn/lib/commons-digester-1.8.jar:/usr/local/hadoop/share/hadoop/yarn/lib/xmlenc-0.52.jar:/usr/local/hadoop/share/hadoop/yarn/lib/commons-beanutils-1.7.0.jar:/usr/local/hadoop/share/hadoop/yarn/lib/stax-api-1.0-2.jar:/usr/local/hadoop/share/hadoop/yarn/lib/json-io-2.5.1.jar:/usr/local/hadoop/share/hadoop/yarn/lib/woodstox-core-5.0.3.jar:/usr/local/hadoop/share/hadoop/yarn/lib/mssql-jdbc-6.2.1.jre7.jar:/usr/local/hadoop/share/hadoop/yarn/lib/jersey-guice-1.9.jar:/usr/local/hadoop/share/hadoop/yarn/lib/commons-collections-3.2.2.jar:/usr/local/hadoop/share/hadoop/yarn/lib/jsch-0.1.54.jar:/usr/local/hadoop/share/hadoop/yarn/lib/avro-1.7.7.jar:/usr/local/hadoop/share/hadoop/yarn/lib/netty-3.6.2.Final.jar:/usr/local/hadoop/share/hadoop/yarn/lib/stax2-api-3.1.4.jar:/usr/local/hadoop/share/hadoop/yarn/lib/guice-3.0.jar:/usr/local/hadoop/share/hadoop/yarn/lib/curator-recipes-2.7.1.jar:/usr/local/hadoop/share/hadoop/yarn/lib/aopalliance-1.0.jar:/usr/local/hadoop/share/hadoop/yarn/lib/jaxb-impl-2.2.3-1.jar:/usr/local/hadoop/share/hadoop/yarn/lib/commons-beanutils-core-1.8.0.jar:/usr/local/hadoop/share/hadoop/yarn/lib/javax.inject-1.jar:/usr/local/hadoop/share/hadoop/yarn/lib/jersey-core-1.9.jar:/usr/local/hadoop/share/hadoop/yarn/lib/geronimo-jcache_1.0_spec-1.0-alpha-1.jar:/usr/local/hadoop/share/hadoop/yarn/lib/httpcore-4.4.4.jar:/usr/local/hadoop/share/hadoop/yarn/lib/java-util-1.9.0.jar:/usr/local/hadoop/share/hadoop/yarn/lib/api-util-1.0.0-M20.jar:/usr/local/hadoop/share/hadoop/yarn/lib/zookeeper-3.4.6.jar:/usr/local/hadoop/share/hadoop/yarn/lib/jackson-xc-1.9.13.jar:/usr/local/hadoop/share/hadoop/yarn/lib/metrics-core-3.0.1.jar:/usr/local/hadoop/share/hadoop/yarn/lib/jackson-core-asl-1.9.13.jar:/usr/local/hadoop/share/hadoop/yarn/lib/protobuf-java-2.5.0.jar:/usr/local/hadoop/share/hadoop/yarn/lib/leveldbjni-all-1.8.jar:/usr/local/hadoop/share/hadoop/yarn/lib/commons-io-2.4.jar:/usr/local/hadoop/share/hadoop/yarn/lib/apacheds-kerberos-codec-2.0.0-M15.jar:/usr/local/hadoop/share/hadoop/yarn/lib/jettison-1.1.jar:/usr/local/hadoop/share/hadoop/yarn/lib/commons-codec-1.4.jar:/usr/local/hadoop/share/hadoop/yarn/lib/xz-1.0.jar:/usr/local/hadoop/share/hadoop/yarn/lib/api-asn1-api-1.0.0-M20.jar:/usr/local/hadoop/share/hadoop/yarn/lib/apacheds-i18n-2.0.0-M15.jar:/usr/local/hadoop/share/hadoop/yarn/lib/asm-3.2.jar:/usr/local/hadoop/share/hadoop/yarn/lib/nimbus-jose-jwt-4.41.1.jar:/usr/local/hadoop/share/hadoop/yarn/lib/jsr305-3.0.0.jar:/usr/local/hadoop/share/hadoop/yarn/lib/jersey-client-1.9.jar:/usr/local/hadoop/share/hadoop/yarn/lib/snappy-java-1.0.5.jar:/usr/local/hadoop/share/hadoop/yarn/lib/jaxb-api-2.2.2.jar:/usr/local/hadoop/share/hadoop/yarn/lib/curator-client-2.7.1.jar:/usr/local/hadoop/share/hadoop/yarn/lib/jetty-6.1.26.jar:/usr/local/hadoop/share/hadoop/yarn/lib/htrace-core4-4.1.0-incubating.jar:/usr/local/hadoop/share/hadoop/yarn/lib/HikariCP-java7-2.4.12.jar:/usr/local/hadoop/share/hadoop/yarn/lib/jets3t-0.9.0.jar:/usr/local/hadoop/share/hadoop/yarn/lib/guava-11.0.2.jar:/usr/local/hadoop/share/hadoop/yarn/lib/commons-logging-1.1.3.jar:/usr/local/hadoop/share/hadoop/yarn/lib/paranamer-2.3.jar:/usr/local/hadoop/share/hadoop/yarn/lib/commons-math3-3.1.1.jar:/usr/local/hadoop/share/hadoop/yarn/lib/jersey-json-1.9.jar:/usr/local/hadoop/share/hadoop/yarn/lib/guice-servlet-3.0.jar:/usr/local/hadoop/share/hadoop/yarn/lib/httpclient-4.5.2.jar:/usr/local/hadoop/share/hadoop/yarn/lib/jackson-mapper-asl-1.9.13.jar:/usr/local/hadoop/share/hadoop/yarn/lib/commons-lang3-3.4.jar:/usr/local/hadoop/share/hadoop/yarn/lib/jackson-jaxrs-1.9.13.jar:/usr/local/hadoop/share/hadoop/yarn/lib/log4j-1.2.17.jar:/usr/local/hadoop/share/hadoop/yarn/lib/jetty-util-6.1.26.jar:/usr/local/hadoop/share/hadoop/yarn/lib/java-xmlbuilder-0.4.jar:/usr/local/hadoop/share/hadoop/yarn/lib/commons-compress-1.4.1.jar:/usr/local/hadoop/share/hadoop/yarn/lib/servlet-api-2.5.jar:/usr/local/hadoop/share/hadoop/yarn/lib/jersey-server-1.9.jar:/usr/local/hadoop/share/hadoop/yarn/hadoop-yarn-common-2.9.1.jar:/usr/local/hadoop/share/hadoop/yarn/hadoop-yarn-applications-unmanaged-am-launcher-2.9.1.jar:/usr/local/hadoop/share/hadoop/yarn/hadoop-yarn-server-router-2.9.1.jar:/usr/local/hadoop/share/hadoop/yarn/hadoop-yarn-server-timeline-pluginstorage-2.9.1.jar:/usr/local/hadoop/share/hadoop/yarn/hadoop-yarn-applications-distributedshell-2.9.1.jar:/usr/local/hadoop/share/hadoop/yarn/hadoop-yarn-server-nodemanager-2.9.1.jar:/usr/local/hadoop/share/hadoop/yarn/hadoop-yarn-client-2.9.1.jar:/usr/local/hadoop/share/hadoop/yarn/hadoop-yarn-api-2.9.1.jar:/usr/local/hadoop/share/hadoop/yarn/hadoop-yarn-server-web-proxy-2.9.1.jar:/usr/local/hadoop/share/hadoop/yarn/hadoop-yarn-server-sharedcachemanager-2.9.1.jar:/usr/local/hadoop/share/hadoop/yarn/hadoop-yarn-server-applicationhistoryservice-2.9.1.jar:/usr/local/hadoop/share/hadoop/yarn/hadoop-yarn-registry-2.9.1.jar:/usr/local/hadoop/share/hadoop/yarn/hadoop-yarn-server-common-2.9.1.jar:/usr/local/hadoop/share/hadoop/yarn/hadoop-yarn-server-resourcemanager-2.9.1.jar:/usr/local/hadoop/share/hadoop/yarn/hadoop-yarn-server-tests-2.9.1.jar:/usr/local/hadoop/share/hadoop/mapreduce/lib/jersey-guice-1.9.jar:/usr/local/hadoop/share/hadoop/mapreduce/lib/avro-1.7.7.jar:/usr/local/hadoop/share/hadoop/mapreduce/lib/netty-3.6.2.Final.jar:/usr/local/hadoop/share/hadoop/mapreduce/lib/hadoop-annotations-2.9.1.jar:/usr/local/hadoop/share/hadoop/mapreduce/lib/guice-3.0.jar:/usr/local/hadoop/share/hadoop/mapreduce/lib/aopalliance-1.0.jar:/usr/local/hadoop/share/hadoop/mapreduce/lib/javax.inject-1.jar:/usr/local/hadoop/share/hadoop/mapreduce/lib/jersey-core-1.9.jar:/usr/local/hadoop/share/hadoop/mapreduce/lib/junit-4.11.jar:/usr/local/hadoop/share/hadoop/mapreduce/lib/jackson-core-asl-1.9.13.jar:/usr/local/hadoop/share/hadoop/mapreduce/lib/protobuf-java-2.5.0.jar:/usr/local/hadoop/share/hadoop/mapreduce/lib/leveldbjni-all-1.8.jar:/usr/local/hadoop/share/hadoop/mapreduce/lib/commons-io-2.4.jar:/usr/local/hadoop/share/hadoop/mapreduce/lib/xz-1.0.jar:/usr/local/hadoop/share/hadoop/mapreduce/lib/asm-3.2.jar:/usr/local/hadoop/share/hadoop/mapreduce/lib/snappy-java-1.0.5.jar:/usr/local/hadoop/share/hadoop/mapreduce/lib/paranamer-2.3.jar:/usr/local/hadoop/share/hadoop/mapreduce/lib/guice-servlet-3.0.jar:/usr/local/hadoop/share/hadoop/mapreduce/lib/jackson-mapper-asl-1.9.13.jar:/usr/local/hadoop/share/hadoop/mapreduce/lib/hamcrest-core-1.3.jar:/usr/local/hadoop/share/hadoop/mapreduce/lib/log4j-1.2.17.jar:/usr/local/hadoop/share/hadoop/mapreduce/lib/commons-compress-1.4.1.jar:/usr/local/hadoop/share/hadoop/mapreduce/lib/jersey-server-1.9.jar:/usr/local/hadoop/share/hadoop/mapreduce/hadoop-mapreduce-client-jobclient-2.9.1.jar:/usr/local/hadoop/share/hadoop/mapreduce/hadoop-mapreduce-examples-2.9.1.jar:/usr/local/hadoop/share/hadoop/mapreduce/hadoop-mapreduce-client-common-2.9.1.jar:/usr/local/hadoop/share/hadoop/mapreduce/hadoop-mapreduce-client-jobclient-2.9.1-tests.jar:/usr/local/hadoop/share/hadoop/mapreduce/hadoop-mapreduce-client-shuffle-2.9.1.jar:/usr/local/hadoop/share/hadoop/mapreduce/hadoop-mapreduce-client-app-2.9.1.jar:/usr/local/hadoop/share/hadoop/mapreduce/hadoop-mapreduce-client-hs-plugins-2.9.1.jar:/usr/local/hadoop/share/hadoop/mapreduce/hadoop-mapreduce-client-core-2.9.1.jar:/usr/local/hadoop/share/hadoop/mapreduce/hadoop-mapreduce-client-hs-2.9.1.jar:/contrib/capacity-scheduler/*.jar:/contrib/capacity-scheduler/*.jar:/contrib/capacity-scheduler/*.jar
STARTUP_MSG:   build = https://github.com/razo7/hadoop-2.9.1-OR2.git -r ef46505203318032151d4f27c5bbb6d9e7cda417; compiled by 'hadoop2' on 2019-01-08T16:41Z
STARTUP_MSG:   java = 1.8.0_181
************************************************************/
2019-01-08 19:57:50,047 INFO org.apache.hadoop.hdfs.server.namenode.SecondaryNameNode: registered UNIX signal handlers for [TERM, HUP, INT]
2019-01-08 19:57:50,526 INFO org.apache.hadoop.metrics2.impl.MetricsConfig: loaded properties from hadoop-metrics2.properties
2019-01-08 19:57:50,606 INFO org.apache.hadoop.metrics2.impl.MetricsSystemImpl: Scheduled Metric snapshot period at 10 second(s).
2019-01-08 19:57:50,606 INFO org.apache.hadoop.metrics2.impl.MetricsSystemImpl: SecondaryNameNode metrics system started
2019-01-08 19:57:50,835 INFO org.apache.hadoop.hdfs.server.namenode.FSEditLog: Edit logging is async:true
2019-01-08 19:57:50,892 INFO org.apache.hadoop.hdfs.server.common.Storage: Lock on /usr/local/hadoop/data/hadoop-data/snn/in_use.lock acquired by nodename 544@master
2019-01-08 19:57:50,905 INFO org.apache.hadoop.hdfs.server.namenode.FSNamesystem: KeyProvider: null
2019-01-08 19:57:50,906 INFO org.apache.hadoop.hdfs.server.namenode.FSNamesystem: fsLock is fair: true
2019-01-08 19:57:50,909 INFO org.apache.hadoop.hdfs.server.namenode.FSNamesystem: Detailed lock hold time metrics enabled: false
2019-01-08 19:57:50,909 INFO org.apache.hadoop.hdfs.server.namenode.FSNamesystem: fsOwner             = hadoop2 (auth:SIMPLE)
2019-01-08 19:57:50,909 INFO org.apache.hadoop.hdfs.server.namenode.FSNamesystem: supergroup          = supergroup
2019-01-08 19:57:50,909 INFO org.apache.hadoop.hdfs.server.namenode.FSNamesystem: isPermissionEnabled = true
2019-01-08 19:57:50,910 INFO org.apache.hadoop.hdfs.server.namenode.FSNamesystem: HA Enabled: false
2019-01-08 19:57:50,944 INFO org.apache.hadoop.hdfs.server.common.Util: dfs.datanode.fileio.profiling.sampling.percentage set to 0. Disabling file IO profiling
2019-01-08 19:57:50,967 INFO org.apache.hadoop.hdfs.server.blockmanagement.DatanodeManager: dfs.block.invalidate.limit: configured=1000, counted=60, effected=1000
2019-01-08 19:57:50,968 INFO org.apache.hadoop.hdfs.server.blockmanagement.DatanodeManager: dfs.namenode.datanode.registration.ip-hostname-check=true
2019-01-08 19:57:50,971 INFO org.apache.hadoop.hdfs.server.blockmanagement.BlockManager: dfs.namenode.startup.delay.block.deletion.sec is set to 000:00:00:00.000
2019-01-08 19:57:50,972 INFO org.apache.hadoop.hdfs.server.blockmanagement.BlockManager: The block deletion will start around 2019 Jan 08 19:57:50
2019-01-08 19:57:50,973 INFO org.apache.hadoop.util.GSet: Computing capacity for map BlocksMap
2019-01-08 19:57:50,973 INFO org.apache.hadoop.util.GSet: VM type       = 64-bit
2019-01-08 19:57:50,975 INFO org.apache.hadoop.util.GSet: 2.0% max memory 889 MB = 17.8 MB
2019-01-08 19:57:50,975 INFO org.apache.hadoop.util.GSet: capacity      = 2^21 = 2097152 entries
2019-01-08 19:57:51,007 INFO org.apache.hadoop.hdfs.server.blockmanagement.BlockManager: dfs.block.access.token.enable=false
2019-01-08 19:57:51,008 WARN org.apache.hadoop.conf.Configuration: No unit for dfs.heartbeat.interval(3) assuming SECONDS
2019-01-08 19:57:51,013 WARN org.apache.hadoop.conf.Configuration: No unit for dfs.namenode.safemode.extension(30000) assuming MILLISECONDS
2019-01-08 19:57:51,015 INFO org.apache.hadoop.hdfs.server.blockmanagement.BlockManagerSafeMode: dfs.namenode.safemode.threshold-pct = 0.9990000128746033
2019-01-08 19:57:51,015 INFO org.apache.hadoop.hdfs.server.blockmanagement.BlockManagerSafeMode: dfs.namenode.safemode.min.datanodes = 0
2019-01-08 19:57:51,015 INFO org.apache.hadoop.hdfs.server.blockmanagement.BlockManagerSafeMode: dfs.namenode.safemode.extension = 30000
2019-01-08 19:57:51,015 INFO org.apache.hadoop.hdfs.server.blockmanagement.BlockManager: defaultReplication         = 3
2019-01-08 19:57:51,015 INFO org.apache.hadoop.hdfs.server.blockmanagement.BlockManager: maxReplication             = 512
2019-01-08 19:57:51,015 INFO org.apache.hadoop.hdfs.server.blockmanagement.BlockManager: minReplication             = 1
2019-01-08 19:57:51,015 INFO org.apache.hadoop.hdfs.server.blockmanagement.BlockManager: maxReplicationStreams      = 2
2019-01-08 19:57:51,015 INFO org.apache.hadoop.hdfs.server.blockmanagement.BlockManager: replicationRecheckInterval = 3000
2019-01-08 19:57:51,015 INFO org.apache.hadoop.hdfs.server.blockmanagement.BlockManager: encryptDataTransfer        = false
2019-01-08 19:57:51,015 INFO org.apache.hadoop.hdfs.server.blockmanagement.BlockManager: maxNumBlocksToLog          = 1000
2019-01-08 19:57:51,019 INFO org.apache.hadoop.hdfs.server.namenode.FSNamesystem: Append Enabled: true
2019-01-08 19:57:51,337 INFO org.apache.hadoop.util.GSet: Computing capacity for map INodeMap
2019-01-08 19:57:51,337 INFO org.apache.hadoop.util.GSet: VM type       = 64-bit
2019-01-08 19:57:51,337 INFO org.apache.hadoop.util.GSet: 1.0% max memory 889 MB = 8.9 MB
2019-01-08 19:57:51,337 INFO org.apache.hadoop.util.GSet: capacity      = 2^20 = 1048576 entries
2019-01-08 19:57:51,339 INFO org.apache.hadoop.hdfs.server.namenode.FSDirectory: ACLs enabled? false
2019-01-08 19:57:51,339 INFO org.apache.hadoop.hdfs.server.namenode.FSDirectory: XAttrs enabled? true
2019-01-08 19:57:51,340 INFO org.apache.hadoop.hdfs.server.namenode.NameNode: Caching file names occurring more than 10 times
2019-01-08 19:57:51,344 INFO org.apache.hadoop.hdfs.server.namenode.snapshot.SnapshotManager: Loaded config captureOpenFiles: falseskipCaptureAccessTimeOnlyChange: false
2019-01-08 19:57:51,350 INFO org.apache.hadoop.util.GSet: Computing capacity for map cachedBlocks
2019-01-08 19:57:51,350 INFO org.apache.hadoop.util.GSet: VM type       = 64-bit
2019-01-08 19:57:51,350 INFO org.apache.hadoop.util.GSet: 0.25% max memory 889 MB = 2.2 MB
2019-01-08 19:57:51,350 INFO org.apache.hadoop.util.GSet: capacity      = 2^18 = 262144 entries
2019-01-08 19:57:51,354 INFO org.apache.hadoop.hdfs.server.namenode.top.metrics.TopMetrics: NNTop conf: dfs.namenode.top.window.num.buckets = 10
2019-01-08 19:57:51,354 INFO org.apache.hadoop.hdfs.server.namenode.top.metrics.TopMetrics: NNTop conf: dfs.namenode.top.num.users = 10
2019-01-08 19:57:51,355 INFO org.apache.hadoop.hdfs.server.namenode.top.metrics.TopMetrics: NNTop conf: dfs.namenode.top.windows.minutes = 1,5,25
2019-01-08 19:57:51,366 INFO org.apache.hadoop.hdfs.server.namenode.SecondaryNameNode: Checkpoint Period   :3600 secs (60 min)
2019-01-08 19:57:51,366 INFO org.apache.hadoop.hdfs.server.namenode.SecondaryNameNode: Log Size Trigger    :1000000 txns
2019-01-08 19:57:51,375 INFO org.apache.hadoop.hdfs.DFSUtil: Starting Web-server for secondary at: http://0.0.0.0:50090
2019-01-08 19:57:51,443 INFO org.mortbay.log: Logging to org.slf4j.impl.Log4jLoggerAdapter(org.mortbay.log) via org.mortbay.log.Slf4jLog
2019-01-08 19:57:51,491 INFO org.apache.hadoop.security.authentication.server.AuthenticationFilter: Unable to initialize FileSignerSecretProvider, falling back to use random secrets.
2019-01-08 19:57:51,500 INFO org.apache.hadoop.http.HttpRequestLog: Http request log for http.requests.secondary is not defined
2019-01-08 19:57:51,506 INFO org.apache.hadoop.http.HttpServer2: Added global filter 'safety' (class=org.apache.hadoop.http.HttpServer2$QuotingInputFilter)
2019-01-08 19:57:51,509 INFO org.apache.hadoop.http.HttpServer2: Added filter static_user_filter (class=org.apache.hadoop.http.lib.StaticUserWebFilter$StaticUserFilter) to context secondary
2019-01-08 19:57:51,509 INFO org.apache.hadoop.http.HttpServer2: Added filter static_user_filter (class=org.apache.hadoop.http.lib.StaticUserWebFilter$StaticUserFilter) to context static
2019-01-08 19:57:51,509 INFO org.apache.hadoop.http.HttpServer2: Added filter static_user_filter (class=org.apache.hadoop.http.lib.StaticUserWebFilter$StaticUserFilter) to context logs
2019-01-08 19:57:51,530 INFO org.apache.hadoop.http.HttpServer2: Jetty bound to port 50090
2019-01-08 19:57:51,530 INFO org.mortbay.log: jetty-6.1.26
2019-01-08 19:57:51,794 INFO org.mortbay.log: Started HttpServer2$SelectChannelConnectorWithSafeStartup@0.0.0.0:50090
2019-01-08 19:57:51,794 INFO org.apache.hadoop.hdfs.server.namenode.SecondaryNameNode: Web server init done
2019-01-08 19:58:52,946 INFO org.apache.hadoop.ipc.Client: Retrying connect to server: master/132.72.109.20:9000. Already tried 0 time(s); retry policy is RetryUpToMaximumCountWithFixedSleep(maxRetries=10, sleepTime=1000 MILLISECONDS)
2019-01-08 19:58:53,947 INFO org.apache.hadoop.ipc.Client: Retrying connect to server: master/132.72.109.20:9000. Already tried 1 time(s); retry policy is RetryUpToMaximumCountWithFixedSleep(maxRetries=10, sleepTime=1000 MILLISECONDS)
2019-01-08 19:58:54,948 INFO org.apache.hadoop.ipc.Client: Retrying connect to server: master/132.72.109.20:9000. Already tried 2 time(s); retry policy is RetryUpToMaximumCountWithFixedSleep(maxRetries=10, sleepTime=1000 MILLISECONDS)
2019-01-08 19:58:55,949 INFO org.apache.hadoop.ipc.Client: Retrying connect to server: master/132.72.109.20:9000. Already tried 3 time(s); retry policy is RetryUpToMaximumCountWithFixedSleep(maxRetries=10, sleepTime=1000 MILLISECONDS)
2019-01-08 19:58:56,950 INFO org.apache.hadoop.ipc.Client: Retrying connect to server: master/132.72.109.20:9000. Already tried 4 time(s); retry policy is RetryUpToMaximumCountWithFixedSleep(maxRetries=10, sleepTime=1000 MILLISECONDS)
2019-01-08 19:58:57,950 INFO org.apache.hadoop.ipc.Client: Retrying connect to server: master/132.72.109.20:9000. Already tried 5 time(s); retry policy is RetryUpToMaximumCountWithFixedSleep(maxRetries=10, sleepTime=1000 MILLISECONDS)
2019-01-08 19:58:58,951 INFO org.apache.hadoop.ipc.Client: Retrying connect to server: master/132.72.109.20:9000. Already tried 6 time(s); retry policy is RetryUpToMaximumCountWithFixedSleep(maxRetries=10, sleepTime=1000 MILLISECONDS)
2019-01-08 19:58:59,952 INFO org.apache.hadoop.ipc.Client: Retrying connect to server: master/132.72.109.20:9000. Already tried 7 time(s); retry policy is RetryUpToMaximumCountWithFixedSleep(maxRetries=10, sleepTime=1000 MILLISECONDS)
2019-01-08 19:59:00,953 INFO org.apache.hadoop.ipc.Client: Retrying connect to server: master/132.72.109.20:9000. Already tried 8 time(s); retry policy is RetryUpToMaximumCountWithFixedSleep(maxRetries=10, sleepTime=1000 MILLISECONDS)
2019-01-08 19:59:01,954 INFO org.apache.hadoop.ipc.Client: Retrying connect to server: master/132.72.109.20:9000. Already tried 9 time(s); retry policy is RetryUpToMaximumCountWithFixedSleep(maxRetries=10, sleepTime=1000 MILLISECONDS)
2019-01-08 19:59:01,960 ERROR org.apache.hadoop.hdfs.server.namenode.SecondaryNameNode: Exception in doCheckpoint
java.net.ConnectException: Call From master/132.72.109.20 to master:9000 failed on connection exception: java.net.ConnectException: Connection refused; For more details see:  http://wiki.apache.org/hadoop/ConnectionRefused
	at sun.reflect.NativeConstructorAccessorImpl.newInstance0(Native Method)
	at sun.reflect.NativeConstructorAccessorImpl.newInstance(NativeConstructorAccessorImpl.java:62)
	at sun.reflect.DelegatingConstructorAccessorImpl.newInstance(DelegatingConstructorAccessorImpl.java:45)
	at java.lang.reflect.Constructor.newInstance(Constructor.java:423)
	at org.apache.hadoop.net.NetUtils.wrapWithMessage(NetUtils.java:824)
	at org.apache.hadoop.net.NetUtils.wrapException(NetUtils.java:754)
	at org.apache.hadoop.ipc.Client.getRpcResponse(Client.java:1497)
	at org.apache.hadoop.ipc.Client.call(Client.java:1439)
	at org.apache.hadoop.ipc.Client.call(Client.java:1349)
	at org.apache.hadoop.ipc.ProtobufRpcEngine$Invoker.invoke(ProtobufRpcEngine.java:227)
	at org.apache.hadoop.ipc.ProtobufRpcEngine$Invoker.invoke(ProtobufRpcEngine.java:116)
	at com.sun.proxy.$Proxy10.getTransactionId(Unknown Source)
	at org.apache.hadoop.hdfs.protocolPB.NamenodeProtocolTranslatorPB.getTransactionID(NamenodeProtocolTranslatorPB.java:129)
	at sun.reflect.NativeMethodAccessorImpl.invoke0(Native Method)
	at sun.reflect.NativeMethodAccessorImpl.invoke(NativeMethodAccessorImpl.java:62)
	at sun.reflect.DelegatingMethodAccessorImpl.invoke(DelegatingMethodAccessorImpl.java:43)
	at java.lang.reflect.Method.invoke(Method.java:498)
	at org.apache.hadoop.io.retry.RetryInvocationHandler.invokeMethod(RetryInvocationHandler.java:422)
	at org.apache.hadoop.io.retry.RetryInvocationHandler$Call.invokeMethod(RetryInvocationHandler.java:165)
	at org.apache.hadoop.io.retry.RetryInvocationHandler$Call.invoke(RetryInvocationHandler.java:157)
	at org.apache.hadoop.io.retry.RetryInvocationHandler$Call.invokeOnce(RetryInvocationHandler.java:95)
	at org.apache.hadoop.io.retry.RetryInvocationHandler.invoke(RetryInvocationHandler.java:359)
	at com.sun.proxy.$Proxy11.getTransactionID(Unknown Source)
	at org.apache.hadoop.hdfs.server.namenode.SecondaryNameNode.countUncheckpointedTxns(SecondaryNameNode.java:660)
	at org.apache.hadoop.hdfs.server.namenode.SecondaryNameNode.shouldCheckpointBasedOnCount(SecondaryNameNode.java:668)
	at org.apache.hadoop.hdfs.server.namenode.SecondaryNameNode.doWork(SecondaryNameNode.java:358)
	at org.apache.hadoop.hdfs.server.namenode.SecondaryNameNode$1.run(SecondaryNameNode.java:325)
	at org.apache.hadoop.security.SecurityUtil.doAsLoginUserOrFatal(SecurityUtil.java:481)
	at org.apache.hadoop.hdfs.server.namenode.SecondaryNameNode.run(SecondaryNameNode.java:321)
	at java.lang.Thread.run(Thread.java:748)
Caused by: java.net.ConnectException: Connection refused
	at sun.nio.ch.SocketChannelImpl.checkConnect(Native Method)
	at sun.nio.ch.SocketChannelImpl.finishConnect(SocketChannelImpl.java:717)
	at org.apache.hadoop.net.SocketIOWithTimeout.connect(SocketIOWithTimeout.java:206)
	at org.apache.hadoop.net.NetUtils.connect(NetUtils.java:531)
	at org.apache.hadoop.ipc.Client$Connection.setupConnection(Client.java:687)
	at org.apache.hadoop.ipc.Client$Connection.setupIOstreams(Client.java:790)
	at org.apache.hadoop.ipc.Client$Connection.access$3500(Client.java:411)
	at org.apache.hadoop.ipc.Client.getConnection(Client.java:1554)
	at org.apache.hadoop.ipc.Client.call(Client.java:1385)
	... 22 more
2019-01-08 20:00:02,967 INFO org.apache.hadoop.ipc.Client: Retrying connect to server: master/132.72.109.20:9000. Already tried 0 time(s); retry policy is RetryUpToMaximumCountWithFixedSleep(maxRetries=10, sleepTime=1000 MILLISECONDS)
2019-01-08 20:00:03,968 INFO org.apache.hadoop.ipc.Client: Retrying connect to server: master/132.72.109.20:9000. Already tried 1 time(s); retry policy is RetryUpToMaximumCountWithFixedSleep(maxRetries=10, sleepTime=1000 MILLISECONDS)
2019-01-08 20:00:04,969 INFO org.apache.hadoop.ipc.Client: Retrying connect to server: master/132.72.109.20:9000. Already tried 2 time(s); retry policy is RetryUpToMaximumCountWithFixedSleep(maxRetries=10, sleepTime=1000 MILLISECONDS)
2019-01-08 20:00:05,970 INFO org.apache.hadoop.ipc.Client: Retrying connect to server: master/132.72.109.20:9000. Already tried 3 time(s); retry policy is RetryUpToMaximumCountWithFixedSleep(maxRetries=10, sleepTime=1000 MILLISECONDS)
2019-01-08 20:00:06,970 INFO org.apache.hadoop.ipc.Client: Retrying connect to server: master/132.72.109.20:9000. Already tried 4 time(s); retry policy is RetryUpToMaximumCountWithFixedSleep(maxRetries=10, sleepTime=1000 MILLISECONDS)
2019-01-08 20:00:07,971 INFO org.apache.hadoop.ipc.Client: Retrying connect to server: master/132.72.109.20:9000. Already tried 5 time(s); retry policy is RetryUpToMaximumCountWithFixedSleep(maxRetries=10, sleepTime=1000 MILLISECONDS)
2019-01-08 20:00:08,972 INFO org.apache.hadoop.ipc.Client: Retrying connect to server: master/132.72.109.20:9000. Already tried 6 time(s); retry policy is RetryUpToMaximumCountWithFixedSleep(maxRetries=10, sleepTime=1000 MILLISECONDS)
2019-01-08 20:00:09,973 INFO org.apache.hadoop.ipc.Client: Retrying connect to server: master/132.72.109.20:9000. Already tried 7 time(s); retry policy is RetryUpToMaximumCountWithFixedSleep(maxRetries=10, sleepTime=1000 MILLISECONDS)
2019-01-08 20:00:10,974 INFO org.apache.hadoop.ipc.Client: Retrying connect to server: master/132.72.109.20:9000. Already tried 8 time(s); retry policy is RetryUpToMaximumCountWithFixedSleep(maxRetries=10, sleepTime=1000 MILLISECONDS)
2019-01-08 20:00:11,974 INFO org.apache.hadoop.ipc.Client: Retrying connect to server: master/132.72.109.20:9000. Already tried 9 time(s); retry policy is RetryUpToMaximumCountWithFixedSleep(maxRetries=10, sleepTime=1000 MILLISECONDS)
2019-01-08 20:00:11,975 ERROR org.apache.hadoop.hdfs.server.namenode.SecondaryNameNode: Exception in doCheckpoint
java.net.ConnectException: Call From master/132.72.109.20 to master:9000 failed on connection exception: java.net.ConnectException: Connection refused; For more details see:  http://wiki.apache.org/hadoop/ConnectionRefused
	at sun.reflect.NativeConstructorAccessorImpl.newInstance0(Native Method)
	at sun.reflect.NativeConstructorAccessorImpl.newInstance(NativeConstructorAccessorImpl.java:62)
	at sun.reflect.DelegatingConstructorAccessorImpl.newInstance(DelegatingConstructorAccessorImpl.java:45)
	at java.lang.reflect.Constructor.newInstance(Constructor.java:423)
	at org.apache.hadoop.net.NetUtils.wrapWithMessage(NetUtils.java:824)
	at org.apache.hadoop.net.NetUtils.wrapException(NetUtils.java:754)
	at org.apache.hadoop.ipc.Client.getRpcResponse(Client.java:1497)
	at org.apache.hadoop.ipc.Client.call(Client.java:1439)
	at org.apache.hadoop.ipc.Client.call(Client.java:1349)
	at org.apache.hadoop.ipc.ProtobufRpcEngine$Invoker.invoke(ProtobufRpcEngine.java:227)
	at org.apache.hadoop.ipc.ProtobufRpcEngine$Invoker.invoke(ProtobufRpcEngine.java:116)
	at com.sun.proxy.$Proxy10.getTransactionId(Unknown Source)
	at org.apache.hadoop.hdfs.protocolPB.NamenodeProtocolTranslatorPB.getTransactionID(NamenodeProtocolTranslatorPB.java:129)
	at sun.reflect.NativeMethodAccessorImpl.invoke0(Native Method)
	at sun.reflect.NativeMethodAccessorImpl.invoke(NativeMethodAccessorImpl.java:62)
	at sun.reflect.DelegatingMethodAccessorImpl.invoke(DelegatingMethodAccessorImpl.java:43)
	at java.lang.reflect.Method.invoke(Method.java:498)
	at org.apache.hadoop.io.retry.RetryInvocationHandler.invokeMethod(RetryInvocationHandler.java:422)
	at org.apache.hadoop.io.retry.RetryInvocationHandler$Call.invokeMethod(RetryInvocationHandler.java:165)
	at org.apache.hadoop.io.retry.RetryInvocationHandler$Call.invoke(RetryInvocationHandler.java:157)
	at org.apache.hadoop.io.retry.RetryInvocationHandler$Call.invokeOnce(RetryInvocationHandler.java:95)
	at org.apache.hadoop.io.retry.RetryInvocationHandler.invoke(RetryInvocationHandler.java:359)
	at com.sun.proxy.$Proxy11.getTransactionID(Unknown Source)
	at org.apache.hadoop.hdfs.server.namenode.SecondaryNameNode.countUncheckpointedTxns(SecondaryNameNode.java:660)
	at org.apache.hadoop.hdfs.server.namenode.SecondaryNameNode.shouldCheckpointBasedOnCount(SecondaryNameNode.java:668)
	at org.apache.hadoop.hdfs.server.namenode.SecondaryNameNode.doWork(SecondaryNameNode.java:358)
	at org.apache.hadoop.hdfs.server.namenode.SecondaryNameNode$1.run(SecondaryNameNode.java:325)
	at org.apache.hadoop.security.SecurityUtil.doAsLoginUserOrFatal(SecurityUtil.java:481)
	at org.apache.hadoop.hdfs.server.namenode.SecondaryNameNode.run(SecondaryNameNode.java:321)
	at java.lang.Thread.run(Thread.java:748)
Caused by: java.net.ConnectException: Connection refused
	at sun.nio.ch.SocketChannelImpl.checkConnect(Native Method)
	at sun.nio.ch.SocketChannelImpl.finishConnect(SocketChannelImpl.java:717)
	at org.apache.hadoop.net.SocketIOWithTimeout.connect(SocketIOWithTimeout.java:206)
	at org.apache.hadoop.net.NetUtils.connect(NetUtils.java:531)
	at org.apache.hadoop.ipc.Client$Connection.setupConnection(Client.java:687)
	at org.apache.hadoop.ipc.Client$Connection.setupIOstreams(Client.java:790)
	at org.apache.hadoop.ipc.Client$Connection.access$3500(Client.java:411)
	at org.apache.hadoop.ipc.Client.getConnection(Client.java:1554)
	at org.apache.hadoop.ipc.Client.call(Client.java:1385)
	... 22 more
2019-01-08 20:01:12,980 INFO org.apache.hadoop.ipc.Client: Retrying connect to server: master/132.72.109.20:9000. Already tried 0 time(s); retry policy is RetryUpToMaximumCountWithFixedSleep(maxRetries=10, sleepTime=1000 MILLISECONDS)
2019-01-08 20:01:13,980 INFO org.apache.hadoop.ipc.Client: Retrying connect to server: master/132.72.109.20:9000. Already tried 1 time(s); retry policy is RetryUpToMaximumCountWithFixedSleep(maxRetries=10, sleepTime=1000 MILLISECONDS)
2019-01-08 20:01:14,981 INFO org.apache.hadoop.ipc.Client: Retrying connect to server: master/132.72.109.20:9000. Already tried 2 time(s); retry policy is RetryUpToMaximumCountWithFixedSleep(maxRetries=10, sleepTime=1000 MILLISECONDS)
2019-01-08 20:01:15,982 INFO org.apache.hadoop.ipc.Client: Retrying connect to server: master/132.72.109.20:9000. Already tried 3 time(s); retry policy is RetryUpToMaximumCountWithFixedSleep(maxRetries=10, sleepTime=1000 MILLISECONDS)
2019-01-08 20:01:16,983 INFO org.apache.hadoop.ipc.Client: Retrying connect to server: master/132.72.109.20:9000. Already tried 4 time(s); retry policy is RetryUpToMaximumCountWithFixedSleep(maxRetries=10, sleepTime=1000 MILLISECONDS)
2019-01-08 20:01:17,984 INFO org.apache.hadoop.ipc.Client: Retrying connect to server: master/132.72.109.20:9000. Already tried 5 time(s); retry policy is RetryUpToMaximumCountWithFixedSleep(maxRetries=10, sleepTime=1000 MILLISECONDS)
2019-01-08 20:01:18,984 INFO org.apache.hadoop.ipc.Client: Retrying connect to server: master/132.72.109.20:9000. Already tried 6 time(s); retry policy is RetryUpToMaximumCountWithFixedSleep(maxRetries=10, sleepTime=1000 MILLISECONDS)
2019-01-08 20:01:19,985 INFO org.apache.hadoop.ipc.Client: Retrying connect to server: master/132.72.109.20:9000. Already tried 7 time(s); retry policy is RetryUpToMaximumCountWithFixedSleep(maxRetries=10, sleepTime=1000 MILLISECONDS)
2019-01-08 20:01:20,986 INFO org.apache.hadoop.ipc.Client: Retrying connect to server: master/132.72.109.20:9000. Already tried 8 time(s); retry policy is RetryUpToMaximumCountWithFixedSleep(maxRetries=10, sleepTime=1000 MILLISECONDS)
2019-01-08 20:01:21,987 INFO org.apache.hadoop.ipc.Client: Retrying connect to server: master/132.72.109.20:9000. Already tried 9 time(s); retry policy is RetryUpToMaximumCountWithFixedSleep(maxRetries=10, sleepTime=1000 MILLISECONDS)
2019-01-08 20:01:21,988 ERROR org.apache.hadoop.hdfs.server.namenode.SecondaryNameNode: Exception in doCheckpoint
java.net.ConnectException: Call From master/132.72.109.20 to master:9000 failed on connection exception: java.net.ConnectException: Connection refused; For more details see:  http://wiki.apache.org/hadoop/ConnectionRefused
	at sun.reflect.NativeConstructorAccessorImpl.newInstance0(Native Method)
	at sun.reflect.NativeConstructorAccessorImpl.newInstance(NativeConstructorAccessorImpl.java:62)
	at sun.reflect.DelegatingConstructorAccessorImpl.newInstance(DelegatingConstructorAccessorImpl.java:45)
	at java.lang.reflect.Constructor.newInstance(Constructor.java:423)
	at org.apache.hadoop.net.NetUtils.wrapWithMessage(NetUtils.java:824)
	at org.apache.hadoop.net.NetUtils.wrapException(NetUtils.java:754)
	at org.apache.hadoop.ipc.Client.getRpcResponse(Client.java:1497)
	at org.apache.hadoop.ipc.Client.call(Client.java:1439)
	at org.apache.hadoop.ipc.Client.call(Client.java:1349)
	at org.apache.hadoop.ipc.ProtobufRpcEngine$Invoker.invoke(ProtobufRpcEngine.java:227)
	at org.apache.hadoop.ipc.ProtobufRpcEngine$Invoker.invoke(ProtobufRpcEngine.java:116)
	at com.sun.proxy.$Proxy10.getTransactionId(Unknown Source)
	at org.apache.hadoop.hdfs.protocolPB.NamenodeProtocolTranslatorPB.getTransactionID(NamenodeProtocolTranslatorPB.java:129)
	at sun.reflect.NativeMethodAccessorImpl.invoke0(Native Method)
	at sun.reflect.NativeMethodAccessorImpl.invoke(NativeMethodAccessorImpl.java:62)
	at sun.reflect.DelegatingMethodAccessorImpl.invoke(DelegatingMethodAccessorImpl.java:43)
	at java.lang.reflect.Method.invoke(Method.java:498)
	at org.apache.hadoop.io.retry.RetryInvocationHandler.invokeMethod(RetryInvocationHandler.java:422)
	at org.apache.hadoop.io.retry.RetryInvocationHandler$Call.invokeMethod(RetryInvocationHandler.java:165)
	at org.apache.hadoop.io.retry.RetryInvocationHandler$Call.invoke(RetryInvocationHandler.java:157)
	at org.apache.hadoop.io.retry.RetryInvocationHandler$Call.invokeOnce(RetryInvocationHandler.java:95)
	at org.apache.hadoop.io.retry.RetryInvocationHandler.invoke(RetryInvocationHandler.java:359)
	at com.sun.proxy.$Proxy11.getTransactionID(Unknown Source)
	at org.apache.hadoop.hdfs.server.namenode.SecondaryNameNode.countUncheckpointedTxns(SecondaryNameNode.java:660)
	at org.apache.hadoop.hdfs.server.namenode.SecondaryNameNode.shouldCheckpointBasedOnCount(SecondaryNameNode.java:668)
	at org.apache.hadoop.hdfs.server.namenode.SecondaryNameNode.doWork(SecondaryNameNode.java:358)
	at org.apache.hadoop.hdfs.server.namenode.SecondaryNameNode$1.run(SecondaryNameNode.java:325)
	at org.apache.hadoop.security.SecurityUtil.doAsLoginUserOrFatal(SecurityUtil.java:481)
	at org.apache.hadoop.hdfs.server.namenode.SecondaryNameNode.run(SecondaryNameNode.java:321)
	at java.lang.Thread.run(Thread.java:748)
Caused by: java.net.ConnectException: Connection refused
	at sun.nio.ch.SocketChannelImpl.checkConnect(Native Method)
	at sun.nio.ch.SocketChannelImpl.finishConnect(SocketChannelImpl.java:717)
	at org.apache.hadoop.net.SocketIOWithTimeout.connect(SocketIOWithTimeout.java:206)
	at org.apache.hadoop.net.NetUtils.connect(NetUtils.java:531)
	at org.apache.hadoop.ipc.Client$Connection.setupConnection(Client.java:687)
	at org.apache.hadoop.ipc.Client$Connection.setupIOstreams(Client.java:790)
	at org.apache.hadoop.ipc.Client$Connection.access$3500(Client.java:411)
	at org.apache.hadoop.ipc.Client.getConnection(Client.java:1554)
	at org.apache.hadoop.ipc.Client.call(Client.java:1385)
	... 22 more
2019-01-08 20:02:22,995 INFO org.apache.hadoop.ipc.Client: Retrying connect to server: master/132.72.109.20:9000. Already tried 0 time(s); retry policy is RetryUpToMaximumCountWithFixedSleep(maxRetries=10, sleepTime=1000 MILLISECONDS)
2019-01-08 20:02:23,996 INFO org.apache.hadoop.ipc.Client: Retrying connect to server: master/132.72.109.20:9000. Already tried 1 time(s); retry policy is RetryUpToMaximumCountWithFixedSleep(maxRetries=10, sleepTime=1000 MILLISECONDS)
2019-01-08 20:02:24,996 INFO org.apache.hadoop.ipc.Client: Retrying connect to server: master/132.72.109.20:9000. Already tried 2 time(s); retry policy is RetryUpToMaximumCountWithFixedSleep(maxRetries=10, sleepTime=1000 MILLISECONDS)
2019-01-08 20:02:25,997 INFO org.apache.hadoop.ipc.Client: Retrying connect to server: master/132.72.109.20:9000. Already tried 3 time(s); retry policy is RetryUpToMaximumCountWithFixedSleep(maxRetries=10, sleepTime=1000 MILLISECONDS)
2019-01-08 20:02:26,998 INFO org.apache.hadoop.ipc.Client: Retrying connect to server: master/132.72.109.20:9000. Already tried 4 time(s); retry policy is RetryUpToMaximumCountWithFixedSleep(maxRetries=10, sleepTime=1000 MILLISECONDS)
2019-01-08 20:02:27,999 INFO org.apache.hadoop.ipc.Client: Retrying connect to server: master/132.72.109.20:9000. Already tried 5 time(s); retry policy is RetryUpToMaximumCountWithFixedSleep(maxRetries=10, sleepTime=1000 MILLISECONDS)
2019-01-08 20:02:29,000 INFO org.apache.hadoop.ipc.Client: Retrying connect to server: master/132.72.109.20:9000. Already tried 6 time(s); retry policy is RetryUpToMaximumCountWithFixedSleep(maxRetries=10, sleepTime=1000 MILLISECONDS)
2019-01-08 20:02:30,001 INFO org.apache.hadoop.ipc.Client: Retrying connect to server: master/132.72.109.20:9000. Already tried 7 time(s); retry policy is RetryUpToMaximumCountWithFixedSleep(maxRetries=10, sleepTime=1000 MILLISECONDS)
2019-01-08 20:02:31,002 INFO org.apache.hadoop.ipc.Client: Retrying connect to server: master/132.72.109.20:9000. Already tried 8 time(s); retry policy is RetryUpToMaximumCountWithFixedSleep(maxRetries=10, sleepTime=1000 MILLISECONDS)
2019-01-08 20:02:32,003 INFO org.apache.hadoop.ipc.Client: Retrying connect to server: master/132.72.109.20:9000. Already tried 9 time(s); retry policy is RetryUpToMaximumCountWithFixedSleep(maxRetries=10, sleepTime=1000 MILLISECONDS)
2019-01-08 20:02:32,004 ERROR org.apache.hadoop.hdfs.server.namenode.SecondaryNameNode: Exception in doCheckpoint
java.net.ConnectException: Call From master/132.72.109.20 to master:9000 failed on connection exception: java.net.ConnectException: Connection refused; For more details see:  http://wiki.apache.org/hadoop/ConnectionRefused
	at sun.reflect.NativeConstructorAccessorImpl.newInstance0(Native Method)
	at sun.reflect.NativeConstructorAccessorImpl.newInstance(NativeConstructorAccessorImpl.java:62)
	at sun.reflect.DelegatingConstructorAccessorImpl.newInstance(DelegatingConstructorAccessorImpl.java:45)
	at java.lang.reflect.Constructor.newInstance(Constructor.java:423)
	at org.apache.hadoop.net.NetUtils.wrapWithMessage(NetUtils.java:824)
	at org.apache.hadoop.net.NetUtils.wrapException(NetUtils.java:754)
	at org.apache.hadoop.ipc.Client.getRpcResponse(Client.java:1497)
	at org.apache.hadoop.ipc.Client.call(Client.java:1439)
	at org.apache.hadoop.ipc.Client.call(Client.java:1349)
	at org.apache.hadoop.ipc.ProtobufRpcEngine$Invoker.invoke(ProtobufRpcEngine.java:227)
	at org.apache.hadoop.ipc.ProtobufRpcEngine$Invoker.invoke(ProtobufRpcEngine.java:116)
	at com.sun.proxy.$Proxy10.getTransactionId(Unknown Source)
	at org.apache.hadoop.hdfs.protocolPB.NamenodeProtocolTranslatorPB.getTransactionID(NamenodeProtocolTranslatorPB.java:129)
	at sun.reflect.NativeMethodAccessorImpl.invoke0(Native Method)
	at sun.reflect.NativeMethodAccessorImpl.invoke(NativeMethodAccessorImpl.java:62)
	at sun.reflect.DelegatingMethodAccessorImpl.invoke(DelegatingMethodAccessorImpl.java:43)
	at java.lang.reflect.Method.invoke(Method.java:498)
	at org.apache.hadoop.io.retry.RetryInvocationHandler.invokeMethod(RetryInvocationHandler.java:422)
	at org.apache.hadoop.io.retry.RetryInvocationHandler$Call.invokeMethod(RetryInvocationHandler.java:165)
	at org.apache.hadoop.io.retry.RetryInvocationHandler$Call.invoke(RetryInvocationHandler.java:157)
	at org.apache.hadoop.io.retry.RetryInvocationHandler$Call.invokeOnce(RetryInvocationHandler.java:95)
	at org.apache.hadoop.io.retry.RetryInvocationHandler.invoke(RetryInvocationHandler.java:359)
	at com.sun.proxy.$Proxy11.getTransactionID(Unknown Source)
	at org.apache.hadoop.hdfs.server.namenode.SecondaryNameNode.countUncheckpointedTxns(SecondaryNameNode.java:660)
	at org.apache.hadoop.hdfs.server.namenode.SecondaryNameNode.shouldCheckpointBasedOnCount(SecondaryNameNode.java:668)
	at org.apache.hadoop.hdfs.server.namenode.SecondaryNameNode.doWork(SecondaryNameNode.java:358)
	at org.apache.hadoop.hdfs.server.namenode.SecondaryNameNode$1.run(SecondaryNameNode.java:325)
	at org.apache.hadoop.security.SecurityUtil.doAsLoginUserOrFatal(SecurityUtil.java:481)
	at org.apache.hadoop.hdfs.server.namenode.SecondaryNameNode.run(SecondaryNameNode.java:321)
	at java.lang.Thread.run(Thread.java:748)
Caused by: java.net.ConnectException: Connection refused
	at sun.nio.ch.SocketChannelImpl.checkConnect(Native Method)
	at sun.nio.ch.SocketChannelImpl.finishConnect(SocketChannelImpl.java:717)
	at org.apache.hadoop.net.SocketIOWithTimeout.connect(SocketIOWithTimeout.java:206)
	at org.apache.hadoop.net.NetUtils.connect(NetUtils.java:531)
	at org.apache.hadoop.ipc.Client$Connection.setupConnection(Client.java:687)
	at org.apache.hadoop.ipc.Client$Connection.setupIOstreams(Client.java:790)
	at org.apache.hadoop.ipc.Client$Connection.access$3500(Client.java:411)
	at org.apache.hadoop.ipc.Client.getConnection(Client.java:1554)
	at org.apache.hadoop.ipc.Client.call(Client.java:1385)
	... 22 more
2019-01-08 20:03:33,010 INFO org.apache.hadoop.ipc.Client: Retrying connect to server: master/132.72.109.20:9000. Already tried 0 time(s); retry policy is RetryUpToMaximumCountWithFixedSleep(maxRetries=10, sleepTime=1000 MILLISECONDS)
2019-01-08 20:03:34,011 INFO org.apache.hadoop.ipc.Client: Retrying connect to server: master/132.72.109.20:9000. Already tried 1 time(s); retry policy is RetryUpToMaximumCountWithFixedSleep(maxRetries=10, sleepTime=1000 MILLISECONDS)
2019-01-08 20:03:35,012 INFO org.apache.hadoop.ipc.Client: Retrying connect to server: master/132.72.109.20:9000. Already tried 2 time(s); retry policy is RetryUpToMaximumCountWithFixedSleep(maxRetries=10, sleepTime=1000 MILLISECONDS)
2019-01-08 20:03:36,012 INFO org.apache.hadoop.ipc.Client: Retrying connect to server: master/132.72.109.20:9000. Already tried 3 time(s); retry policy is RetryUpToMaximumCountWithFixedSleep(maxRetries=10, sleepTime=1000 MILLISECONDS)
2019-01-08 20:03:37,013 INFO org.apache.hadoop.ipc.Client: Retrying connect to server: master/132.72.109.20:9000. Already tried 4 time(s); retry policy is RetryUpToMaximumCountWithFixedSleep(maxRetries=10, sleepTime=1000 MILLISECONDS)
2019-01-08 20:03:38,014 INFO org.apache.hadoop.ipc.Client: Retrying connect to server: master/132.72.109.20:9000. Already tried 5 time(s); retry policy is RetryUpToMaximumCountWithFixedSleep(maxRetries=10, sleepTime=1000 MILLISECONDS)
2019-01-08 20:03:39,015 INFO org.apache.hadoop.ipc.Client: Retrying connect to server: master/132.72.109.20:9000. Already tried 6 time(s); retry policy is RetryUpToMaximumCountWithFixedSleep(maxRetries=10, sleepTime=1000 MILLISECONDS)
2019-01-08 20:03:40,016 INFO org.apache.hadoop.ipc.Client: Retrying connect to server: master/132.72.109.20:9000. Already tried 7 time(s); retry policy is RetryUpToMaximumCountWithFixedSleep(maxRetries=10, sleepTime=1000 MILLISECONDS)
2019-01-08 20:03:41,016 INFO org.apache.hadoop.ipc.Client: Retrying connect to server: master/132.72.109.20:9000. Already tried 8 time(s); retry policy is RetryUpToMaximumCountWithFixedSleep(maxRetries=10, sleepTime=1000 MILLISECONDS)
2019-01-08 20:03:42,017 INFO org.apache.hadoop.ipc.Client: Retrying connect to server: master/132.72.109.20:9000. Already tried 9 time(s); retry policy is RetryUpToMaximumCountWithFixedSleep(maxRetries=10, sleepTime=1000 MILLISECONDS)
2019-01-08 20:03:42,018 ERROR org.apache.hadoop.hdfs.server.namenode.SecondaryNameNode: Exception in doCheckpoint
java.net.ConnectException: Call From master/132.72.109.20 to master:9000 failed on connection exception: java.net.ConnectException: Connection refused; For more details see:  http://wiki.apache.org/hadoop/ConnectionRefused
	at sun.reflect.NativeConstructorAccessorImpl.newInstance0(Native Method)
	at sun.reflect.NativeConstructorAccessorImpl.newInstance(NativeConstructorAccessorImpl.java:62)
	at sun.reflect.DelegatingConstructorAccessorImpl.newInstance(DelegatingConstructorAccessorImpl.java:45)
	at java.lang.reflect.Constructor.newInstance(Constructor.java:423)
	at org.apache.hadoop.net.NetUtils.wrapWithMessage(NetUtils.java:824)
	at org.apache.hadoop.net.NetUtils.wrapException(NetUtils.java:754)
	at org.apache.hadoop.ipc.Client.getRpcResponse(Client.java:1497)
	at org.apache.hadoop.ipc.Client.call(Client.java:1439)
	at org.apache.hadoop.ipc.Client.call(Client.java:1349)
	at org.apache.hadoop.ipc.ProtobufRpcEngine$Invoker.invoke(ProtobufRpcEngine.java:227)
	at org.apache.hadoop.ipc.ProtobufRpcEngine$Invoker.invoke(ProtobufRpcEngine.java:116)
	at com.sun.proxy.$Proxy10.getTransactionId(Unknown Source)
	at org.apache.hadoop.hdfs.protocolPB.NamenodeProtocolTranslatorPB.getTransactionID(NamenodeProtocolTranslatorPB.java:129)
	at sun.reflect.NativeMethodAccessorImpl.invoke0(Native Method)
	at sun.reflect.NativeMethodAccessorImpl.invoke(NativeMethodAccessorImpl.java:62)
	at sun.reflect.DelegatingMethodAccessorImpl.invoke(DelegatingMethodAccessorImpl.java:43)
	at java.lang.reflect.Method.invoke(Method.java:498)
	at org.apache.hadoop.io.retry.RetryInvocationHandler.invokeMethod(RetryInvocationHandler.java:422)
	at org.apache.hadoop.io.retry.RetryInvocationHandler$Call.invokeMethod(RetryInvocationHandler.java:165)
	at org.apache.hadoop.io.retry.RetryInvocationHandler$Call.invoke(RetryInvocationHandler.java:157)
	at org.apache.hadoop.io.retry.RetryInvocationHandler$Call.invokeOnce(RetryInvocationHandler.java:95)
	at org.apache.hadoop.io.retry.RetryInvocationHandler.invoke(RetryInvocationHandler.java:359)
	at com.sun.proxy.$Proxy11.getTransactionID(Unknown Source)
	at org.apache.hadoop.hdfs.server.namenode.SecondaryNameNode.countUncheckpointedTxns(SecondaryNameNode.java:660)
	at org.apache.hadoop.hdfs.server.namenode.SecondaryNameNode.shouldCheckpointBasedOnCount(SecondaryNameNode.java:668)
	at org.apache.hadoop.hdfs.server.namenode.SecondaryNameNode.doWork(SecondaryNameNode.java:358)
	at org.apache.hadoop.hdfs.server.namenode.SecondaryNameNode$1.run(SecondaryNameNode.java:325)
	at org.apache.hadoop.security.SecurityUtil.doAsLoginUserOrFatal(SecurityUtil.java:481)
	at org.apache.hadoop.hdfs.server.namenode.SecondaryNameNode.run(SecondaryNameNode.java:321)
	at java.lang.Thread.run(Thread.java:748)
Caused by: java.net.ConnectException: Connection refused
	at sun.nio.ch.SocketChannelImpl.checkConnect(Native Method)
	at sun.nio.ch.SocketChannelImpl.finishConnect(SocketChannelImpl.java:717)
	at org.apache.hadoop.net.SocketIOWithTimeout.connect(SocketIOWithTimeout.java:206)
	at org.apache.hadoop.net.NetUtils.connect(NetUtils.java:531)
	at org.apache.hadoop.ipc.Client$Connection.setupConnection(Client.java:687)
	at org.apache.hadoop.ipc.Client$Connection.setupIOstreams(Client.java:790)
	at org.apache.hadoop.ipc.Client$Connection.access$3500(Client.java:411)
	at org.apache.hadoop.ipc.Client.getConnection(Client.java:1554)
	at org.apache.hadoop.ipc.Client.call(Client.java:1385)
	... 22 more
2019-01-08 20:04:43,022 INFO org.apache.hadoop.ipc.Client: Retrying connect to server: master/132.72.109.20:9000. Already tried 0 time(s); retry policy is RetryUpToMaximumCountWithFixedSleep(maxRetries=10, sleepTime=1000 MILLISECONDS)
2019-01-08 20:04:44,023 INFO org.apache.hadoop.ipc.Client: Retrying connect to server: master/132.72.109.20:9000. Already tried 1 time(s); retry policy is RetryUpToMaximumCountWithFixedSleep(maxRetries=10, sleepTime=1000 MILLISECONDS)
2019-01-08 20:04:45,023 INFO org.apache.hadoop.ipc.Client: Retrying connect to server: master/132.72.109.20:9000. Already tried 2 time(s); retry policy is RetryUpToMaximumCountWithFixedSleep(maxRetries=10, sleepTime=1000 MILLISECONDS)
2019-01-08 20:04:46,024 INFO org.apache.hadoop.ipc.Client: Retrying connect to server: master/132.72.109.20:9000. Already tried 3 time(s); retry policy is RetryUpToMaximumCountWithFixedSleep(maxRetries=10, sleepTime=1000 MILLISECONDS)
2019-01-08 20:04:47,025 INFO org.apache.hadoop.ipc.Client: Retrying connect to server: master/132.72.109.20:9000. Already tried 4 time(s); retry policy is RetryUpToMaximumCountWithFixedSleep(maxRetries=10, sleepTime=1000 MILLISECONDS)
2019-01-08 20:04:48,026 INFO org.apache.hadoop.ipc.Client: Retrying connect to server: master/132.72.109.20:9000. Already tried 5 time(s); retry policy is RetryUpToMaximumCountWithFixedSleep(maxRetries=10, sleepTime=1000 MILLISECONDS)
2019-01-08 20:04:49,026 INFO org.apache.hadoop.ipc.Client: Retrying connect to server: master/132.72.109.20:9000. Already tried 6 time(s); retry policy is RetryUpToMaximumCountWithFixedSleep(maxRetries=10, sleepTime=1000 MILLISECONDS)
2019-01-08 20:04:50,027 INFO org.apache.hadoop.ipc.Client: Retrying connect to server: master/132.72.109.20:9000. Already tried 7 time(s); retry policy is RetryUpToMaximumCountWithFixedSleep(maxRetries=10, sleepTime=1000 MILLISECONDS)
2019-01-08 20:04:51,028 INFO org.apache.hadoop.ipc.Client: Retrying connect to server: master/132.72.109.20:9000. Already tried 8 time(s); retry policy is RetryUpToMaximumCountWithFixedSleep(maxRetries=10, sleepTime=1000 MILLISECONDS)
2019-01-08 20:04:52,029 INFO org.apache.hadoop.ipc.Client: Retrying connect to server: master/132.72.109.20:9000. Already tried 9 time(s); retry policy is RetryUpToMaximumCountWithFixedSleep(maxRetries=10, sleepTime=1000 MILLISECONDS)
2019-01-08 20:04:52,030 ERROR org.apache.hadoop.hdfs.server.namenode.SecondaryNameNode: Exception in doCheckpoint
java.net.ConnectException: Call From master/132.72.109.20 to master:9000 failed on connection exception: java.net.ConnectException: Connection refused; For more details see:  http://wiki.apache.org/hadoop/ConnectionRefused
	at sun.reflect.NativeConstructorAccessorImpl.newInstance0(Native Method)
	at sun.reflect.NativeConstructorAccessorImpl.newInstance(NativeConstructorAccessorImpl.java:62)
	at sun.reflect.DelegatingConstructorAccessorImpl.newInstance(DelegatingConstructorAccessorImpl.java:45)
	at java.lang.reflect.Constructor.newInstance(Constructor.java:423)
	at org.apache.hadoop.net.NetUtils.wrapWithMessage(NetUtils.java:824)
	at org.apache.hadoop.net.NetUtils.wrapException(NetUtils.java:754)
	at org.apache.hadoop.ipc.Client.getRpcResponse(Client.java:1497)
	at org.apache.hadoop.ipc.Client.call(Client.java:1439)
	at org.apache.hadoop.ipc.Client.call(Client.java:1349)
	at org.apache.hadoop.ipc.ProtobufRpcEngine$Invoker.invoke(ProtobufRpcEngine.java:227)
	at org.apache.hadoop.ipc.ProtobufRpcEngine$Invoker.invoke(ProtobufRpcEngine.java:116)
	at com.sun.proxy.$Proxy10.getTransactionId(Unknown Source)
	at org.apache.hadoop.hdfs.protocolPB.NamenodeProtocolTranslatorPB.getTransactionID(NamenodeProtocolTranslatorPB.java:129)
	at sun.reflect.NativeMethodAccessorImpl.invoke0(Native Method)
	at sun.reflect.NativeMethodAccessorImpl.invoke(NativeMethodAccessorImpl.java:62)
	at sun.reflect.DelegatingMethodAccessorImpl.invoke(DelegatingMethodAccessorImpl.java:43)
	at java.lang.reflect.Method.invoke(Method.java:498)
	at org.apache.hadoop.io.retry.RetryInvocationHandler.invokeMethod(RetryInvocationHandler.java:422)
	at org.apache.hadoop.io.retry.RetryInvocationHandler$Call.invokeMethod(RetryInvocationHandler.java:165)
	at org.apache.hadoop.io.retry.RetryInvocationHandler$Call.invoke(RetryInvocationHandler.java:157)
	at org.apache.hadoop.io.retry.RetryInvocationHandler$Call.invokeOnce(RetryInvocationHandler.java:95)
	at org.apache.hadoop.io.retry.RetryInvocationHandler.invoke(RetryInvocationHandler.java:359)
	at com.sun.proxy.$Proxy11.getTransactionID(Unknown Source)
	at org.apache.hadoop.hdfs.server.namenode.SecondaryNameNode.countUncheckpointedTxns(SecondaryNameNode.java:660)
	at org.apache.hadoop.hdfs.server.namenode.SecondaryNameNode.shouldCheckpointBasedOnCount(SecondaryNameNode.java:668)
	at org.apache.hadoop.hdfs.server.namenode.SecondaryNameNode.doWork(SecondaryNameNode.java:358)
	at org.apache.hadoop.hdfs.server.namenode.SecondaryNameNode$1.run(SecondaryNameNode.java:325)
	at org.apache.hadoop.security.SecurityUtil.doAsLoginUserOrFatal(SecurityUtil.java:481)
	at org.apache.hadoop.hdfs.server.namenode.SecondaryNameNode.run(SecondaryNameNode.java:321)
	at java.lang.Thread.run(Thread.java:748)
Caused by: java.net.ConnectException: Connection refused
	at sun.nio.ch.SocketChannelImpl.checkConnect(Native Method)
	at sun.nio.ch.SocketChannelImpl.finishConnect(SocketChannelImpl.java:717)
	at org.apache.hadoop.net.SocketIOWithTimeout.connect(SocketIOWithTimeout.java:206)
	at org.apache.hadoop.net.NetUtils.connect(NetUtils.java:531)
	at org.apache.hadoop.ipc.Client$Connection.setupConnection(Client.java:687)
	at org.apache.hadoop.ipc.Client$Connection.setupIOstreams(Client.java:790)
	at org.apache.hadoop.ipc.Client$Connection.access$3500(Client.java:411)
	at org.apache.hadoop.ipc.Client.getConnection(Client.java:1554)
	at org.apache.hadoop.ipc.Client.call(Client.java:1385)
	... 22 more
2019-01-08 20:05:52,311 INFO org.apache.hadoop.hdfs.server.namenode.SecondaryNameNode: Image has changed. Downloading updated image from NN.
2019-01-08 20:05:52,447 INFO org.apache.hadoop.hdfs.server.namenode.TransferFsImage: Opening connection to http://master:50070/imagetransfer?getimage=1&txid=0&storageInfo=-63:225363434:1546970734525:CID-134fef86-d39e-4fb6-b146-de33ed769859&bootstrapstandby=false
2019-01-08 20:05:52,525 INFO org.apache.hadoop.hdfs.server.namenode.TransferFsImage: Image Transfer timeout configured to 60000 milliseconds
2019-01-08 20:05:52,726 INFO org.apache.hadoop.hdfs.server.namenode.TransferFsImage: Combined time for fsimage download and fsync to all disks took 0.00s. The fsimage download took 0.00s at 0.00 KB/s. Synchronous (fsync) write to disk of /usr/local/hadoop/data/hadoop-data/snn/current/fsimage.ckpt_0000000000000000000 took 0.00s.
2019-01-08 20:05:52,727 INFO org.apache.hadoop.hdfs.server.namenode.TransferFsImage: Downloaded file fsimage.ckpt_0000000000000000000 size 323 bytes.
2019-01-08 20:05:52,761 INFO org.apache.hadoop.hdfs.server.namenode.TransferFsImage: Opening connection to http://master:50070/imagetransfer?getedit=1&startTxId=1&endTxId=2&storageInfo=-63:225363434:1546970734525:CID-134fef86-d39e-4fb6-b146-de33ed769859
2019-01-08 20:05:52,785 INFO org.apache.hadoop.hdfs.server.namenode.TransferFsImage: Combined time for fsimage download and fsync to all disks took 0.00s. The fsimage download took 0.00s at 0.00 KB/s. Synchronous (fsync) write to disk of /usr/local/hadoop/data/hadoop-data/snn/current/edits_tmp_0000000000000000001-0000000000000000002_0000000001136268604 took 0.00s.
2019-01-08 20:05:52,785 INFO org.apache.hadoop.hdfs.server.namenode.TransferFsImage: Downloaded file edits_tmp_0000000000000000001-0000000000000000002_0000000001136268604 size 0 bytes.
2019-01-08 20:05:52,839 INFO org.apache.hadoop.hdfs.server.namenode.FSImageFormatPBINode: Loading 1 INodes.
2019-01-08 20:05:52,871 INFO org.apache.hadoop.hdfs.server.namenode.FSImageFormatProtobuf: Loaded FSImage in 0 seconds.
2019-01-08 20:05:52,871 INFO org.apache.hadoop.hdfs.server.namenode.FSImage: Loaded image for txid 0 from /usr/local/hadoop/data/hadoop-data/snn/current/fsimage_0000000000000000000
2019-01-08 20:05:52,871 INFO org.apache.hadoop.hdfs.server.namenode.NameCache: initialized with 0 entries 0 lookups
2019-01-08 20:05:52,877 INFO org.apache.hadoop.hdfs.server.namenode.Checkpointer: Checkpointer about to load edits from 1 stream(s).
2019-01-08 20:05:52,882 INFO org.apache.hadoop.hdfs.server.namenode.FSImage: Reading /usr/local/hadoop/data/hadoop-data/snn/current/edits_0000000000000000001-0000000000000000002 expecting start txid #1
2019-01-08 20:05:52,882 INFO org.apache.hadoop.hdfs.server.namenode.FSImage: Start loading edits file /usr/local/hadoop/data/hadoop-data/snn/current/edits_0000000000000000001-0000000000000000002
2019-01-08 20:05:52,905 INFO org.apache.hadoop.hdfs.server.namenode.FSImage: Edits file /usr/local/hadoop/data/hadoop-data/snn/current/edits_0000000000000000001-0000000000000000002 of size 42 edits # 2 loaded in 0 seconds
2019-01-08 20:05:52,910 INFO org.apache.hadoop.hdfs.server.namenode.FSImageFormatProtobuf: Saving image file /usr/local/hadoop/data/hadoop-data/snn/current/fsimage.ckpt_0000000000000000002 using no compression
2019-01-08 20:05:52,944 INFO org.apache.hadoop.hdfs.server.namenode.FSImageFormatProtobuf: Image file /usr/local/hadoop/data/hadoop-data/snn/current/fsimage.ckpt_0000000000000000002 of size 323 bytes saved in 0 seconds .
2019-01-08 20:05:52,978 INFO org.apache.hadoop.hdfs.server.namenode.FSImageTransactionalStorageInspector: No version file in /usr/local/hadoop/data/hadoop-data/snn
2019-01-08 20:05:52,984 INFO org.apache.hadoop.hdfs.server.namenode.FSImageTransactionalStorageInspector: No version file in /usr/local/hadoop/data/hadoop-data/snn
2019-01-08 20:05:53,044 INFO org.apache.hadoop.hdfs.server.namenode.TransferFsImage: Sending fileName: /usr/local/hadoop/data/hadoop-data/snn/current/fsimage_0000000000000000002, fileSize: 323. Sent total: 323 bytes. Size of last segment intended to send: -1 bytes.
2019-01-08 20:05:53,137 INFO org.apache.hadoop.hdfs.server.namenode.TransferFsImage: Uploaded image with txid 2 to namenode at http://master:50070 in 0.101 seconds
2019-01-08 20:05:53,137 WARN org.apache.hadoop.hdfs.server.namenode.SecondaryNameNode: Checkpoint done. New Image Size: 323
2019-01-08 21:05:54,418 INFO org.apache.hadoop.hdfs.server.namenode.SecondaryNameNode: Image has not changed. Will not download image.
2019-01-08 21:05:54,440 INFO org.apache.hadoop.hdfs.server.namenode.TransferFsImage: Opening connection to http://master:50070/imagetransfer?getedit=1&startTxId=3&endTxId=782&storageInfo=-63:225363434:1546970734525:CID-134fef86-d39e-4fb6-b146-de33ed769859
2019-01-08 21:05:54,505 INFO org.apache.hadoop.hdfs.server.namenode.TransferFsImage: Combined time for fsimage download and fsync to all disks took 0.00s. The fsimage download took 0.00s at 105000.00 KB/s. Synchronous (fsync) write to disk of /usr/local/hadoop/data/hadoop-data/snn/current/edits_tmp_0000000000000000003-0000000000000000782_0000000001139870283 took 0.00s.
2019-01-08 21:05:54,505 INFO org.apache.hadoop.hdfs.server.namenode.TransferFsImage: Downloaded file edits_tmp_0000000000000000003-0000000000000000782_0000000001139870283 size 0 bytes.
2019-01-08 21:05:54,505 INFO org.apache.hadoop.hdfs.server.namenode.Checkpointer: Checkpointer about to load edits from 1 stream(s).
2019-01-08 21:05:54,505 INFO org.apache.hadoop.hdfs.server.namenode.FSImage: Reading /usr/local/hadoop/data/hadoop-data/snn/current/edits_0000000000000000003-0000000000000000782 expecting start txid #3
2019-01-08 21:05:54,506 INFO org.apache.hadoop.hdfs.server.namenode.FSImage: Start loading edits file /usr/local/hadoop/data/hadoop-data/snn/current/edits_0000000000000000003-0000000000000000782
2019-01-08 21:05:54,720 INFO org.apache.hadoop.hdfs.server.namenode.FSDirectory: Increasing replication from 3 to 10 for /tmp/hadoop-yarn/staging/hadoop2/.staging/job_1546970280036_0001/job.jar
2019-01-08 21:05:54,721 INFO org.apache.hadoop.hdfs.server.namenode.FSDirectory: Increasing replication from 3 to 10 for /tmp/hadoop-yarn/staging/hadoop2/.staging/job_1546970280036_0001/job.split
2019-01-08 21:05:54,777 INFO org.apache.hadoop.hdfs.server.namenode.FSDirectory: Increasing replication from 3 to 10 for /tmp/hadoop-yarn/staging/hadoop2/.staging/job_1546970280036_0002/job.jar
2019-01-08 21:05:54,778 INFO org.apache.hadoop.hdfs.server.namenode.FSDirectory: Increasing replication from 3 to 10 for /tmp/hadoop-yarn/staging/hadoop2/.staging/job_1546970280036_0002/job.split
2019-01-08 21:05:54,801 INFO org.apache.hadoop.hdfs.server.namenode.FSDirectory: Increasing replication from 3 to 10 for /tmp/hadoop-yarn/staging/hadoop2/.staging/job_1546970280036_0003/job.jar
2019-01-08 21:05:54,802 INFO org.apache.hadoop.hdfs.server.namenode.FSDirectory: Increasing replication from 3 to 10 for /tmp/hadoop-yarn/staging/hadoop2/.staging/job_1546970280036_0003/job.split
2019-01-08 21:05:54,829 INFO org.apache.hadoop.hdfs.server.namenode.FSDirectory: Increasing replication from 3 to 10 for /tmp/hadoop-yarn/staging/hadoop2/.staging/job_1546970280036_0004/job.jar
2019-01-08 21:05:54,830 INFO org.apache.hadoop.hdfs.server.namenode.FSDirectory: Increasing replication from 3 to 10 for /tmp/hadoop-yarn/staging/hadoop2/.staging/job_1546970280036_0004/job.split
2019-01-08 21:05:54,844 INFO org.apache.hadoop.hdfs.server.namenode.FSImage: Edits file /usr/local/hadoop/data/hadoop-data/snn/current/edits_0000000000000000003-0000000000000000782 of size 107934 edits # 780 loaded in 0 seconds
2019-01-08 21:05:54,851 INFO org.apache.hadoop.hdfs.server.namenode.FSImageFormatProtobuf: Saving image file /usr/local/hadoop/data/hadoop-data/snn/current/fsimage.ckpt_0000000000000000782 using no compression
2019-01-08 21:05:54,881 INFO org.apache.hadoop.hdfs.server.namenode.FSImageFormatProtobuf: Image file /usr/local/hadoop/data/hadoop-data/snn/current/fsimage.ckpt_0000000000000000782 of size 7616 bytes saved in 0 seconds .
2019-01-08 21:05:54,953 INFO org.apache.hadoop.hdfs.server.namenode.NNStorageRetentionManager: Going to retain 2 images with txid >= 2
2019-01-08 21:05:54,953 INFO org.apache.hadoop.hdfs.server.namenode.NNStorageRetentionManager: Purging old image FSImageFile(file=/usr/local/hadoop/data/hadoop-data/snn/current/fsimage_0000000000000000000, cpktTxId=0000000000000000000)
2019-01-08 21:05:55,015 INFO org.apache.hadoop.hdfs.server.namenode.TransferFsImage: Sending fileName: /usr/local/hadoop/data/hadoop-data/snn/current/fsimage_0000000000000000782, fileSize: 7616. Sent total: 7616 bytes. Size of last segment intended to send: -1 bytes.
2019-01-08 21:05:55,151 INFO org.apache.hadoop.hdfs.server.namenode.TransferFsImage: Uploaded image with txid 782 to namenode at http://master:50070 in 0.138 seconds
2019-01-08 21:05:55,152 WARN org.apache.hadoop.hdfs.server.namenode.SecondaryNameNode: Checkpoint done. New Image Size: 7616
2019-01-08 22:06:04,571 INFO org.apache.hadoop.hdfs.server.namenode.SecondaryNameNode: Image has not changed. Will not download image.
2019-01-08 22:06:05,671 INFO org.apache.hadoop.hdfs.server.namenode.TransferFsImage: Opening connection to http://master:50070/imagetransfer?getedit=1&startTxId=783&endTxId=784&storageInfo=-63:225363434:1546970734525:CID-134fef86-d39e-4fb6-b146-de33ed769859
2019-01-08 22:06:06,636 INFO org.apache.hadoop.hdfs.server.namenode.TransferFsImage: Combined time for fsimage download and fsync to all disks took 0.00s. The fsimage download took 0.00s at 0.00 KB/s. Synchronous (fsync) write to disk of /usr/local/hadoop/data/hadoop-data/snn/current/edits_tmp_0000000000000000783-0000000000000000784_0000000001143481515 took 0.00s.
2019-01-08 22:06:06,636 INFO org.apache.hadoop.hdfs.server.namenode.TransferFsImage: Downloaded file edits_tmp_0000000000000000783-0000000000000000784_0000000001143481515 size 0 bytes.
2019-01-08 22:06:06,636 INFO org.apache.hadoop.hdfs.server.namenode.Checkpointer: Checkpointer about to load edits from 1 stream(s).
2019-01-08 22:06:06,636 INFO org.apache.hadoop.hdfs.server.namenode.FSImage: Reading /usr/local/hadoop/data/hadoop-data/snn/current/edits_0000000000000000783-0000000000000000784 expecting start txid #783
2019-01-08 22:06:06,636 INFO org.apache.hadoop.hdfs.server.namenode.FSImage: Start loading edits file /usr/local/hadoop/data/hadoop-data/snn/current/edits_0000000000000000783-0000000000000000784
2019-01-08 22:06:06,637 INFO org.apache.hadoop.hdfs.server.namenode.FSImage: Edits file /usr/local/hadoop/data/hadoop-data/snn/current/edits_0000000000000000783-0000000000000000784 of size 42 edits # 2 loaded in 0 seconds
2019-01-08 22:06:06,637 INFO org.apache.hadoop.hdfs.server.namenode.FSImageFormatProtobuf: Saving image file /usr/local/hadoop/data/hadoop-data/snn/current/fsimage.ckpt_0000000000000000784 using no compression
2019-01-08 22:06:06,646 INFO org.apache.hadoop.hdfs.server.namenode.FSImageFormatProtobuf: Image file /usr/local/hadoop/data/hadoop-data/snn/current/fsimage.ckpt_0000000000000000784 of size 7616 bytes saved in 0 seconds .
2019-01-08 22:06:06,886 INFO org.apache.hadoop.hdfs.server.namenode.NNStorageRetentionManager: Going to retain 2 images with txid >= 782
2019-01-08 22:06:06,886 INFO org.apache.hadoop.hdfs.server.namenode.NNStorageRetentionManager: Purging old image FSImageFile(file=/usr/local/hadoop/data/hadoop-data/snn/current/fsimage_0000000000000000002, cpktTxId=0000000000000000002)
2019-01-08 22:06:07,479 INFO org.apache.hadoop.hdfs.server.namenode.TransferFsImage: Sending fileName: /usr/local/hadoop/data/hadoop-data/snn/current/fsimage_0000000000000000784, fileSize: 7616. Sent total: 7616 bytes. Size of last segment intended to send: -1 bytes.
2019-01-08 22:06:07,788 INFO org.apache.hadoop.hdfs.server.namenode.TransferFsImage: Uploaded image with txid 784 to namenode at http://master:50070 in 0.311 seconds
2019-01-08 22:06:07,789 WARN org.apache.hadoop.hdfs.server.namenode.SecondaryNameNode: Checkpoint done. New Image Size: 7616
2019-01-08 23:06:42,878 INFO org.apache.hadoop.hdfs.server.namenode.SecondaryNameNode: Image has not changed. Will not download image.
2019-01-08 23:06:43,310 INFO org.apache.hadoop.hdfs.server.namenode.TransferFsImage: Opening connection to http://master:50070/imagetransfer?getedit=1&startTxId=785&endTxId=786&storageInfo=-63:225363434:1546970734525:CID-134fef86-d39e-4fb6-b146-de33ed769859
2019-01-08 23:06:44,149 INFO org.apache.hadoop.hdfs.server.namenode.TransferFsImage: Combined time for fsimage download and fsync to all disks took 0.12s. The fsimage download took 0.12s at 0.00 KB/s. Synchronous (fsync) write to disk of /usr/local/hadoop/data/hadoop-data/snn/current/edits_tmp_0000000000000000785-0000000000000000786_0000000001147119128 took 0.00s.
2019-01-08 23:06:44,150 INFO org.apache.hadoop.hdfs.server.namenode.TransferFsImage: Downloaded file edits_tmp_0000000000000000785-0000000000000000786_0000000001147119128 size 0 bytes.
2019-01-08 23:06:44,249 INFO org.apache.hadoop.hdfs.server.namenode.Checkpointer: Checkpointer about to load edits from 1 stream(s).
2019-01-08 23:06:44,342 INFO org.apache.hadoop.hdfs.server.namenode.FSImage: Reading /usr/local/hadoop/data/hadoop-data/snn/current/edits_0000000000000000785-0000000000000000786 expecting start txid #785
2019-01-08 23:06:44,497 INFO org.apache.hadoop.hdfs.server.namenode.FSImage: Start loading edits file /usr/local/hadoop/data/hadoop-data/snn/current/edits_0000000000000000785-0000000000000000786
2019-01-08 23:06:44,711 INFO org.apache.hadoop.hdfs.server.namenode.FSImage: Edits file /usr/local/hadoop/data/hadoop-data/snn/current/edits_0000000000000000785-0000000000000000786 of size 42 edits # 2 loaded in 0 seconds
2019-01-08 23:06:44,865 INFO org.apache.hadoop.hdfs.server.namenode.FSImageFormatProtobuf: Saving image file /usr/local/hadoop/data/hadoop-data/snn/current/fsimage.ckpt_0000000000000000786 using no compression
2019-01-08 23:06:45,760 INFO org.apache.hadoop.hdfs.server.namenode.FSImageFormatProtobuf: Image file /usr/local/hadoop/data/hadoop-data/snn/current/fsimage.ckpt_0000000000000000786 of size 7616 bytes saved in 0 seconds .
2019-01-08 23:06:46,453 INFO org.apache.hadoop.hdfs.server.namenode.NNStorageRetentionManager: Going to retain 2 images with txid >= 784
2019-01-08 23:06:46,458 INFO org.apache.hadoop.hdfs.server.namenode.NNStorageRetentionManager: Purging old image FSImageFile(file=/usr/local/hadoop/data/hadoop-data/snn/current/fsimage_0000000000000000782, cpktTxId=0000000000000000782)
2019-01-08 23:06:47,785 INFO org.apache.hadoop.hdfs.server.namenode.TransferFsImage: Sending fileName: /usr/local/hadoop/data/hadoop-data/snn/current/fsimage_0000000000000000786, fileSize: 7616. Sent total: 7616 bytes. Size of last segment intended to send: -1 bytes.
2019-01-08 23:06:47,961 INFO org.apache.hadoop.hdfs.server.namenode.TransferFsImage: Uploaded image with txid 786 to namenode at http://master:50070 in 0.618 seconds
2019-01-08 23:06:47,983 WARN org.apache.hadoop.hdfs.server.namenode.SecondaryNameNode: Checkpoint done. New Image Size: 7616
2019-01-08 23:21:51,068 INFO org.apache.hadoop.ipc.Client: Retrying connect to server: master/132.72.109.20:9000. Already tried 0 time(s); retry policy is RetryUpToMaximumCountWithFixedSleep(maxRetries=10, sleepTime=1000 MILLISECONDS)
2019-01-08 23:21:52,083 INFO org.apache.hadoop.ipc.Client: Retrying connect to server: master/132.72.109.20:9000. Already tried 1 time(s); retry policy is RetryUpToMaximumCountWithFixedSleep(maxRetries=10, sleepTime=1000 MILLISECONDS)
2019-01-08 23:21:53,084 INFO org.apache.hadoop.ipc.Client: Retrying connect to server: master/132.72.109.20:9000. Already tried 2 time(s); retry policy is RetryUpToMaximumCountWithFixedSleep(maxRetries=10, sleepTime=1000 MILLISECONDS)
2019-01-08 23:21:54,084 INFO org.apache.hadoop.ipc.Client: Retrying connect to server: master/132.72.109.20:9000. Already tried 3 time(s); retry policy is RetryUpToMaximumCountWithFixedSleep(maxRetries=10, sleepTime=1000 MILLISECONDS)
2019-01-08 23:21:55,085 INFO org.apache.hadoop.ipc.Client: Retrying connect to server: master/132.72.109.20:9000. Already tried 4 time(s); retry policy is RetryUpToMaximumCountWithFixedSleep(maxRetries=10, sleepTime=1000 MILLISECONDS)
2019-01-08 23:21:56,086 INFO org.apache.hadoop.ipc.Client: Retrying connect to server: master/132.72.109.20:9000. Already tried 5 time(s); retry policy is RetryUpToMaximumCountWithFixedSleep(maxRetries=10, sleepTime=1000 MILLISECONDS)
2019-01-08 23:21:57,086 INFO org.apache.hadoop.ipc.Client: Retrying connect to server: master/132.72.109.20:9000. Already tried 6 time(s); retry policy is RetryUpToMaximumCountWithFixedSleep(maxRetries=10, sleepTime=1000 MILLISECONDS)
2019-01-08 23:21:58,087 INFO org.apache.hadoop.ipc.Client: Retrying connect to server: master/132.72.109.20:9000. Already tried 7 time(s); retry policy is RetryUpToMaximumCountWithFixedSleep(maxRetries=10, sleepTime=1000 MILLISECONDS)
2019-01-08 23:21:59,088 INFO org.apache.hadoop.ipc.Client: Retrying connect to server: master/132.72.109.20:9000. Already tried 8 time(s); retry policy is RetryUpToMaximumCountWithFixedSleep(maxRetries=10, sleepTime=1000 MILLISECONDS)
2019-01-08 23:21:59,632 ERROR org.apache.hadoop.hdfs.server.namenode.SecondaryNameNode: RECEIVED SIGNAL 15: SIGTERM
2019-01-08 23:22:00,088 INFO org.apache.hadoop.ipc.Client: Retrying connect to server: master/132.72.109.20:9000. Already tried 9 time(s); retry policy is RetryUpToMaximumCountWithFixedSleep(maxRetries=10, sleepTime=1000 MILLISECONDS)
2019-01-08 23:22:00,493 ERROR org.apache.hadoop.hdfs.server.namenode.SecondaryNameNode: Exception in doCheckpoint
java.net.ConnectException: Call From master/132.72.109.20 to master:9000 failed on connection exception: java.net.ConnectException: Connection refused; For more details see:  http://wiki.apache.org/hadoop/ConnectionRefused
	at sun.reflect.NativeConstructorAccessorImpl.newInstance0(Native Method)
	at sun.reflect.NativeConstructorAccessorImpl.newInstance(NativeConstructorAccessorImpl.java:62)
	at sun.reflect.DelegatingConstructorAccessorImpl.newInstance(DelegatingConstructorAccessorImpl.java:45)
	at java.lang.reflect.Constructor.newInstance(Constructor.java:423)
	at org.apache.hadoop.net.NetUtils.wrapWithMessage(NetUtils.java:824)
	at org.apache.hadoop.net.NetUtils.wrapException(NetUtils.java:754)
	at org.apache.hadoop.ipc.Client.getRpcResponse(Client.java:1497)
	at org.apache.hadoop.ipc.Client.call(Client.java:1439)
	at org.apache.hadoop.ipc.Client.call(Client.java:1349)
	at org.apache.hadoop.ipc.ProtobufRpcEngine$Invoker.invoke(ProtobufRpcEngine.java:227)
	at org.apache.hadoop.ipc.ProtobufRpcEngine$Invoker.invoke(ProtobufRpcEngine.java:116)
	at com.sun.proxy.$Proxy10.getTransactionId(Unknown Source)
	at org.apache.hadoop.hdfs.protocolPB.NamenodeProtocolTranslatorPB.getTransactionID(NamenodeProtocolTranslatorPB.java:129)
	at sun.reflect.GeneratedMethodAccessor2.invoke(Unknown Source)
	at sun.reflect.DelegatingMethodAccessorImpl.invoke(DelegatingMethodAccessorImpl.java:43)
	at java.lang.reflect.Method.invoke(Method.java:498)
	at org.apache.hadoop.io.retry.RetryInvocationHandler.invokeMethod(RetryInvocationHandler.java:422)
	at org.apache.hadoop.io.retry.RetryInvocationHandler$Call.invokeMethod(RetryInvocationHandler.java:165)
	at org.apache.hadoop.io.retry.RetryInvocationHandler$Call.invoke(RetryInvocationHandler.java:157)
	at org.apache.hadoop.io.retry.RetryInvocationHandler$Call.invokeOnce(RetryInvocationHandler.java:95)
	at org.apache.hadoop.io.retry.RetryInvocationHandler.invoke(RetryInvocationHandler.java:359)
	at com.sun.proxy.$Proxy11.getTransactionID(Unknown Source)
	at org.apache.hadoop.hdfs.server.namenode.SecondaryNameNode.countUncheckpointedTxns(SecondaryNameNode.java:660)
	at org.apache.hadoop.hdfs.server.namenode.SecondaryNameNode.shouldCheckpointBasedOnCount(SecondaryNameNode.java:668)
	at org.apache.hadoop.hdfs.server.namenode.SecondaryNameNode.doWork(SecondaryNameNode.java:358)
	at org.apache.hadoop.hdfs.server.namenode.SecondaryNameNode$1.run(SecondaryNameNode.java:325)
	at org.apache.hadoop.security.SecurityUtil.doAsLoginUserOrFatal(SecurityUtil.java:481)
	at org.apache.hadoop.hdfs.server.namenode.SecondaryNameNode.run(SecondaryNameNode.java:321)
	at java.lang.Thread.run(Thread.java:748)
Caused by: java.net.ConnectException: Connection refused
	at sun.nio.ch.SocketChannelImpl.checkConnect(Native Method)
	at sun.nio.ch.SocketChannelImpl.finishConnect(SocketChannelImpl.java:717)
	at org.apache.hadoop.net.SocketIOWithTimeout.connect(SocketIOWithTimeout.java:206)
	at org.apache.hadoop.net.NetUtils.connect(NetUtils.java:531)
	at org.apache.hadoop.ipc.Client$Connection.setupConnection(Client.java:687)
	at org.apache.hadoop.ipc.Client$Connection.setupIOstreams(Client.java:790)
	at org.apache.hadoop.ipc.Client$Connection.access$3500(Client.java:411)
	at org.apache.hadoop.ipc.Client.getConnection(Client.java:1554)
	at org.apache.hadoop.ipc.Client.call(Client.java:1385)
	... 21 more
2019-01-08 23:22:01,375 INFO org.apache.hadoop.hdfs.server.namenode.SecondaryNameNode: SHUTDOWN_MSG: 
/************************************************************
SHUTDOWN_MSG: Shutting down SecondaryNameNode at master/132.72.109.20
************************************************************/
